TpTrace Verbose: 0 : 32512, 1, 2022/12/08, 15:37:59.426, 3457633142493, vstest.console.dll, Version: 17.3.0 Current process architecture: X64
TpTrace Verbose: 0 : 32512, 1, 2022/12/08, 15:37:59.427, 3457633159608, vstest.console.dll, Runtime location: C:\Program Files\dotnet\shared\Microsoft.NETCore.App\6.0.9
TpTrace Information: 0 : 32512, 1, 2022/12/08, 15:37:59.434, 3457633222836, vstest.console.dll, FilePatternParser: The given file C:\Users\NguyenDung\OneDrive\Máy tính\Assignment-Ecommerce-Rookie\Ecommerce-Project\ShoesShop.UI\ShoesShop.Test\bin\Debug\net6.0\fine-code-coverage\build-output\ShoesShop.Test.dll is a full path.
TpTrace Verbose: 0 : 32512, 1, 2022/12/08, 15:37:59.442, 3457633307010, vstest.console.dll, TestPluginCache.DiscoverTestExtensions: finding test extensions in assemblies ends with: RuntimeProvider.dll TPluginInfo: Microsoft.VisualStudio.TestPlatform.Common.ExtensionFramework.Utilities.TestRuntimePluginInformation TExtension: Microsoft.VisualStudio.TestPlatform.ObjectModel.Host.ITestRuntimeProvider
TpTrace Verbose: 0 : 32512, 1, 2022/12/08, 15:37:59.442, 3457633308931, vstest.console.dll, TestPluginCache.GetExtensionPaths: Filtered extension paths: 
TpTrace Verbose: 0 : 32512, 1, 2022/12/08, 15:37:59.442, 3457633309490, vstest.console.dll, TestPluginCache.GetExtensionPaths: Added default extension paths: C:\Program Files\dotnet\sdk\6.0.401\Extensions\Microsoft.Diagnostics.NETCore.Client.dll
C:\Program Files\dotnet\sdk\6.0.401\Extensions\Microsoft.TestPlatform.Extensions.BlameDataCollector.dll
C:\Program Files\dotnet\sdk\6.0.401\Extensions\Microsoft.TestPlatform.Extensions.EventLogCollector.dll
C:\Program Files\dotnet\sdk\6.0.401\Extensions\Microsoft.TestPlatform.TestHostRuntimeProvider.dll
C:\Program Files\dotnet\sdk\6.0.401\Extensions\Microsoft.VisualStudio.TestPlatform.Extensions.Html.TestLogger.dll
C:\Program Files\dotnet\sdk\6.0.401\Extensions\Microsoft.VisualStudio.TestPlatform.Extensions.Trx.TestLogger.dll
TpTrace Verbose: 0 : 32512, 1, 2022/12/08, 15:37:59.442, 3457633309748, vstest.console.dll, TestPluginCache.GetExtensionPaths: Added unfilterableExtensionPaths: 
TpTrace Information: 0 : 32512, 1, 2022/12/08, 15:37:59.443, 3457633314738, vstest.console.dll, AssemblyResolver.ctor: Creating AssemblyResolver with searchDirectories C:\Program Files\dotnet\sdk\6.0.401\Extensions,C:\Program Files\dotnet\sdk\6.0.401
TpTrace Verbose: 0 : 32512, 1, 2022/12/08, 15:37:59.444, 3457633321180, vstest.console.dll, TestPluginCache.DiscoverTestExtensions: Discovering the extensions using extension path.
TpTrace Verbose: 0 : 32512, 1, 2022/12/08, 15:37:59.444, 3457633322185, vstest.console.dll, TestPluginCache.GetExtensionPaths: Filtered extension paths: 
TpTrace Verbose: 0 : 32512, 1, 2022/12/08, 15:37:59.444, 3457633322440, vstest.console.dll, TestPluginCache.GetExtensionPaths: Added default extension paths: C:\Program Files\dotnet\sdk\6.0.401\Extensions\Microsoft.Diagnostics.NETCore.Client.dll
C:\Program Files\dotnet\sdk\6.0.401\Extensions\Microsoft.TestPlatform.Extensions.BlameDataCollector.dll
C:\Program Files\dotnet\sdk\6.0.401\Extensions\Microsoft.TestPlatform.Extensions.EventLogCollector.dll
C:\Program Files\dotnet\sdk\6.0.401\Extensions\Microsoft.TestPlatform.TestHostRuntimeProvider.dll
C:\Program Files\dotnet\sdk\6.0.401\Extensions\Microsoft.VisualStudio.TestPlatform.Extensions.Html.TestLogger.dll
C:\Program Files\dotnet\sdk\6.0.401\Extensions\Microsoft.VisualStudio.TestPlatform.Extensions.Trx.TestLogger.dll
TpTrace Verbose: 0 : 32512, 1, 2022/12/08, 15:37:59.444, 3457633322671, vstest.console.dll, TestPluginCache.GetExtensionPaths: Added unfilterableExtensionPaths: 
TpTrace Verbose: 0 : 32512, 1, 2022/12/08, 15:37:59.444, 3457633323099, vstest.console.dll, TestPluginCache.DiscoverTestExtensions: Discovering the extensions using allExtensionPaths: C:\Program Files\dotnet\sdk\6.0.401\Extensions\Microsoft.Diagnostics.NETCore.Client.dll
C:\Program Files\dotnet\sdk\6.0.401\Extensions\Microsoft.TestPlatform.Extensions.BlameDataCollector.dll
C:\Program Files\dotnet\sdk\6.0.401\Extensions\Microsoft.TestPlatform.Extensions.EventLogCollector.dll
C:\Program Files\dotnet\sdk\6.0.401\Extensions\Microsoft.TestPlatform.TestHostRuntimeProvider.dll
C:\Program Files\dotnet\sdk\6.0.401\Extensions\Microsoft.VisualStudio.TestPlatform.Extensions.Html.TestLogger.dll
C:\Program Files\dotnet\sdk\6.0.401\Extensions\Microsoft.VisualStudio.TestPlatform.Extensions.Trx.TestLogger.dll
TpTrace Information: 0 : 32512, 1, 2022/12/08, 15:37:59.444, 3457633324647, vstest.console.dll, AssemblyResolver.AddSearchDirectories: Adding more searchDirectories C:\Program Files\dotnet\sdk\6.0.401\Extensions,C:\Program Files\dotnet\sdk\6.0.401
TpTrace Information: 0 : 32512, 1, 2022/12/08, 15:37:59.444, 3457633325034, vstest.console.dll, AssemblyResolver.AddSearchDirectories: Adding more searchDirectories C:\Program Files\dotnet\sdk\6.0.401\Extensions,C:\Program Files\dotnet\sdk\6.0.401
TpTrace Information: 0 : 32512, 1, 2022/12/08, 15:37:59.444, 3457633325266, vstest.console.dll, AssemblyResolver.AddSearchDirectories: Adding more searchDirectories C:\Program Files\dotnet\sdk\6.0.401\Extensions,C:\Program Files\dotnet\sdk\6.0.401
TpTrace Information: 0 : 32512, 1, 2022/12/08, 15:37:59.444, 3457633325445, vstest.console.dll, AssemblyResolver.AddSearchDirectories: Adding more searchDirectories C:\Program Files\dotnet\sdk\6.0.401\Extensions,C:\Program Files\dotnet\sdk\6.0.401
TpTrace Information: 0 : 32512, 1, 2022/12/08, 15:37:59.444, 3457633325614, vstest.console.dll, AssemblyResolver.AddSearchDirectories: Adding more searchDirectories C:\Program Files\dotnet\sdk\6.0.401\Extensions,C:\Program Files\dotnet\sdk\6.0.401
TpTrace Information: 0 : 32512, 1, 2022/12/08, 15:37:59.444, 3457633325810, vstest.console.dll, AssemblyResolver.AddSearchDirectories: Adding more searchDirectories C:\Program Files\dotnet\sdk\6.0.401\Extensions,C:\Program Files\dotnet\sdk\6.0.401
TpTrace Information: 0 : 32512, 1, 2022/12/08, 15:37:59.444, 3457633328655, vstest.console.dll, AssemblyResolver.OnResolve: Microsoft.Diagnostics.NETCore.Client: Resolving assembly.
TpTrace Information: 0 : 32512, 1, 2022/12/08, 15:37:59.444, 3457633329185, vstest.console.dll, AssemblyResolver.OnResolve: Microsoft.Diagnostics.NETCore.Client: Searching in: 'C:\Program Files\dotnet\sdk\6.0.401\Extensions'.
TpTrace Information: 0 : 32512, 1, 2022/12/08, 15:37:59.445, 3457633339169, vstest.console.dll, AssemblyResolver.OnResolve: Microsoft.Diagnostics.NETCore.Client: Loading assembly 'C:\Program Files\dotnet\sdk\6.0.401\Extensions\Microsoft.Diagnostics.NETCore.Client.dll'.
TpTrace Information: 0 : 32512, 1, 2022/12/08, 15:37:59.446, 3457633347527, vstest.console.dll, AssemblyResolver.OnResolve: Resolved assembly: Microsoft.Diagnostics.NETCore.Client, from path: C:\Program Files\dotnet\sdk\6.0.401\Extensions\Microsoft.Diagnostics.NETCore.Client.dll
TpTrace Verbose: 0 : 32512, 1, 2022/12/08, 15:37:59.450, 3457633384313, vstest.console.dll, MetadataReaderExtensionsHelper: Discovering extensions inside assembly 'Microsoft.Diagnostics.NETCore.Client, Version=0.2.5.801, Culture=neutral, PublicKeyToken=31bf3856ad364e35' file path 'C:\Program Files\dotnet\sdk\6.0.401\Extensions\Microsoft.Diagnostics.NETCore.Client.dll'
TpTrace Information: 0 : 32512, 1, 2022/12/08, 15:37:59.458, 3457633467321, vstest.console.dll, AssemblyResolver.OnResolve: Microsoft.Bcl.AsyncInterfaces: Resolving assembly.
TpTrace Information: 0 : 32512, 1, 2022/12/08, 15:37:59.458, 3457633468611, vstest.console.dll, AssemblyResolver.OnResolve: Microsoft.Bcl.AsyncInterfaces: Searching in: 'C:\Program Files\dotnet\sdk\6.0.401\Extensions'.
TpTrace Information: 0 : 32512, 1, 2022/12/08, 15:37:59.458, 3457633469388, vstest.console.dll, AssemblyResolver.OnResolve: Microsoft.Bcl.AsyncInterfaces: Assembly path does not exist: 'C:\Program Files\dotnet\sdk\6.0.401\Extensions\Microsoft.Bcl.AsyncInterfaces.dll', returning.
TpTrace Information: 0 : 32512, 1, 2022/12/08, 15:37:59.458, 3457633469728, vstest.console.dll, AssemblyResolver.OnResolve: Microsoft.Bcl.AsyncInterfaces: Assembly path does not exist: 'C:\Program Files\dotnet\sdk\6.0.401\Extensions\Microsoft.Bcl.AsyncInterfaces.exe', returning.
TpTrace Information: 0 : 32512, 1, 2022/12/08, 15:37:59.458, 3457633470462, vstest.console.dll, AssemblyResolver.OnResolve: Microsoft.Bcl.AsyncInterfaces: Searching in: 'C:\Program Files\dotnet\sdk\6.0.401'.
TpTrace Information: 0 : 32512, 1, 2022/12/08, 15:37:59.459, 3457633470948, vstest.console.dll, AssemblyResolver.OnResolve: Microsoft.Bcl.AsyncInterfaces: Assembly path does not exist: 'C:\Program Files\dotnet\sdk\6.0.401\Microsoft.Bcl.AsyncInterfaces.dll', returning.
TpTrace Information: 0 : 32512, 1, 2022/12/08, 15:37:59.459, 3457633471290, vstest.console.dll, AssemblyResolver.OnResolve: Microsoft.Bcl.AsyncInterfaces: Assembly path does not exist: 'C:\Program Files\dotnet\sdk\6.0.401\Microsoft.Bcl.AsyncInterfaces.exe', returning.
TpTrace Information: 0 : 32512, 1, 2022/12/08, 15:37:59.459, 3457633471464, vstest.console.dll, AssemblyResolver.OnResolve: Microsoft.Bcl.AsyncInterfaces: Failed to load assembly.
TpTrace Verbose: 0 : 32512, 1, 2022/12/08, 15:37:59.459, 3457633471745, vstest.console.dll, CurrentDomainAssemblyResolve: Resolving assembly 'Microsoft.Bcl.AsyncInterfaces'.
TpTrace Information: 0 : 32512, 1, 2022/12/08, 15:37:59.459, 3457633472192, vstest.console.dll, AssemblyResolver.OnResolve: Microsoft.Bcl.AsyncInterfaces: Resolving assembly.
TpTrace Information: 0 : 32512, 1, 2022/12/08, 15:37:59.459, 3457633472504, vstest.console.dll, AssemblyResolver.OnResolve: Microsoft.Bcl.AsyncInterfaces: Resolved from cache.
TpTrace Verbose: 0 : 32512, 1, 2022/12/08, 15:37:59.459, 3457633472696, vstest.console.dll, CurrentDomainAssemblyResolve: Resolving assembly 'Microsoft.Bcl.AsyncInterfaces'.
TpTrace Verbose: 0 : 32512, 1, 2022/12/08, 15:37:59.459, 3457633472943, vstest.console.dll, CurrentDomainAssemblyResolve: Failed to resolve assembly 'Microsoft.Bcl.AsyncInterfaces'.
TpTrace Verbose: 0 : 32512, 1, 2022/12/08, 15:37:59.459, 3457633476353, vstest.console.dll, CurrentDomainAssemblyResolve: Failed to resolve assembly 'Microsoft.Bcl.AsyncInterfaces'.
TpTrace Warning: 0 : 32512, 1, 2022/12/08, 15:37:59.467, 3457633558119, vstest.console.dll, TestPluginDiscoverer: Failed to get types from assembly 'Microsoft.Diagnostics.NETCore.Client, Version=0.2.5.801, Culture=neutral, PublicKeyToken=31bf3856ad364e35'. Error: System.Reflection.ReflectionTypeLoadException: Unable to load one or more of the requested types.
Could not load file or assembly 'Microsoft.Bcl.AsyncInterfaces, Version=1.0.0.0, Culture=neutral, PublicKeyToken=cc7b13ffcd2ddd51'. The system cannot find the file specified.
   at System.Reflection.RuntimeModule.GetTypes(RuntimeModule module)
   at System.Reflection.Assembly.GetTypes()
   at Microsoft.VisualStudio.TestPlatform.Common.ExtensionFramework.TestPluginDiscoverer.GetTestExtensionsFromAssembly[TPluginInfo,TExtension](Assembly assembly, Dictionary`2 pluginInfos, String filePath)
System.IO.FileNotFoundException: Could not load file or assembly 'Microsoft.Bcl.AsyncInterfaces, Version=1.0.0.0, Culture=neutral, PublicKeyToken=cc7b13ffcd2ddd51'. The system cannot find the file specified.
File name: 'Microsoft.Bcl.AsyncInterfaces, Version=1.0.0.0, Culture=neutral, PublicKeyToken=cc7b13ffcd2ddd51'
 ---> System.IO.FileNotFoundException: Could not load file or assembly 'Microsoft.Bcl.AsyncInterfaces, Culture=neutral, PublicKeyToken=null'. The system cannot find the file specified.
File name: 'Microsoft.Bcl.AsyncInterfaces, Culture=neutral, PublicKeyToken=null'
   at System.Reflection.RuntimeAssembly.InternalLoad(ObjectHandleOnStack assemblyName, ObjectHandleOnStack requestingAssembly, StackCrawlMarkHandle stackMark, Boolean throwOnFileNotFound, ObjectHandleOnStack assemblyLoadContext, ObjectHandleOnStack retAssembly)
   at System.Reflection.RuntimeAssembly.InternalLoad(AssemblyName assemblyName, RuntimeAssembly requestingAssembly, StackCrawlMark& stackMark, Boolean throwOnFileNotFound, AssemblyLoadContext assemblyLoadContext)
   at System.Reflection.Assembly.Load(AssemblyName assemblyRef)
   at Microsoft.VisualStudio.TestPlatform.Common.ExtensionFramework.TestPluginCache.CurrentDomainAssemblyResolve(Object sender, AssemblyResolveEventArgs args)
   at Microsoft.VisualStudio.TestPlatform.PlatformAbstractions.PlatformAssemblyResolver.AssemblyResolverEvent(Object sender, Object eventArgs)
   at System.Runtime.Loader.AssemblyLoadContext.GetFirstResolvedAssemblyFromResolvingEvent(AssemblyName assemblyName)
   at System.Runtime.Loader.AssemblyLoadContext.ResolveUsingEvent(AssemblyName assemblyName)
   at System.Runtime.Loader.AssemblyLoadContext.ResolveUsingResolvingEvent(IntPtr gchManagedAssemblyLoadContext, AssemblyName assemblyName)
TpTrace Warning: 0 : 32512, 1, 2022/12/08, 15:37:59.468, 3457633561624, vstest.console.dll, LoaderExceptions: System.IO.FileNotFoundException: Could not load file or assembly 'Microsoft.Bcl.AsyncInterfaces, Version=1.0.0.0, Culture=neutral, PublicKeyToken=cc7b13ffcd2ddd51'. The system cannot find the file specified.
File name: 'Microsoft.Bcl.AsyncInterfaces, Version=1.0.0.0, Culture=neutral, PublicKeyToken=cc7b13ffcd2ddd51'
 ---> System.IO.FileNotFoundException: Could not load file or assembly 'Microsoft.Bcl.AsyncInterfaces, Culture=neutral, PublicKeyToken=null'. The system cannot find the file specified.
File name: 'Microsoft.Bcl.AsyncInterfaces, Culture=neutral, PublicKeyToken=null'
   at System.Reflection.RuntimeAssembly.InternalLoad(ObjectHandleOnStack assemblyName, ObjectHandleOnStack requestingAssembly, StackCrawlMarkHandle stackMark, Boolean throwOnFileNotFound, ObjectHandleOnStack assemblyLoadContext, ObjectHandleOnStack retAssembly)
   at System.Reflection.RuntimeAssembly.InternalLoad(AssemblyName assemblyName, RuntimeAssembly requestingAssembly, StackCrawlMark& stackMark, Boolean throwOnFileNotFound, AssemblyLoadContext assemblyLoadContext)
   at System.Reflection.Assembly.Load(AssemblyName assemblyRef)
   at Microsoft.VisualStudio.TestPlatform.Common.ExtensionFramework.TestPluginCache.CurrentDomainAssemblyResolve(Object sender, AssemblyResolveEventArgs args)
   at Microsoft.VisualStudio.TestPlatform.PlatformAbstractions.PlatformAssemblyResolver.AssemblyResolverEvent(Object sender, Object eventArgs)
   at System.Runtime.Loader.AssemblyLoadContext.GetFirstResolvedAssemblyFromResolvingEvent(AssemblyName assemblyName)
   at System.Runtime.Loader.AssemblyLoadContext.ResolveUsingEvent(AssemblyName assemblyName)
   at System.Runtime.Loader.AssemblyLoadContext.ResolveUsingResolvingEvent(IntPtr gchManagedAssemblyLoadContext, AssemblyName assemblyName)
TpTrace Information: 0 : 32512, 1, 2022/12/08, 15:37:59.468, 3457633562895, vstest.console.dll, AssemblyResolver.OnResolve: Microsoft.TestPlatform.Extensions.BlameDataCollector: Resolving assembly.
TpTrace Information: 0 : 32512, 1, 2022/12/08, 15:37:59.468, 3457633563191, vstest.console.dll, AssemblyResolver.OnResolve: Microsoft.TestPlatform.Extensions.BlameDataCollector: Searching in: 'C:\Program Files\dotnet\sdk\6.0.401\Extensions'.
TpTrace Information: 0 : 32512, 1, 2022/12/08, 15:37:59.468, 3457633568332, vstest.console.dll, AssemblyResolver.OnResolve: Microsoft.TestPlatform.Extensions.BlameDataCollector: Loading assembly 'C:\Program Files\dotnet\sdk\6.0.401\Extensions\Microsoft.TestPlatform.Extensions.BlameDataCollector.dll'.
TpTrace Information: 0 : 32512, 1, 2022/12/08, 15:37:59.469, 3457633573426, vstest.console.dll, AssemblyResolver.OnResolve: Resolved assembly: Microsoft.TestPlatform.Extensions.BlameDataCollector, from path: C:\Program Files\dotnet\sdk\6.0.401\Extensions\Microsoft.TestPlatform.Extensions.BlameDataCollector.dll
TpTrace Verbose: 0 : 32512, 1, 2022/12/08, 15:37:59.469, 3457633574148, vstest.console.dll, MetadataReaderExtensionsHelper: Discovering extensions inside assembly 'Microsoft.TestPlatform.Extensions.BlameDataCollector, Version=15.0.0.0, Culture=neutral, PublicKeyToken=b03f5f7f11d50a3a' file path 'C:\Program Files\dotnet\sdk\6.0.401\Extensions\Microsoft.TestPlatform.Extensions.BlameDataCollector.dll'
TpTrace Information: 0 : 32512, 1, 2022/12/08, 15:37:59.470, 3457633587217, vstest.console.dll, AssemblyResolver.OnResolve: Microsoft.TestPlatform.Extensions.EventLogCollector: Resolving assembly.
TpTrace Information: 0 : 32512, 1, 2022/12/08, 15:37:59.470, 3457633588462, vstest.console.dll, AssemblyResolver.OnResolve: Microsoft.TestPlatform.Extensions.EventLogCollector: Searching in: 'C:\Program Files\dotnet\sdk\6.0.401\Extensions'.
TpTrace Information: 0 : 32512, 1, 2022/12/08, 15:37:59.471, 3457633593383, vstest.console.dll, AssemblyResolver.OnResolve: Microsoft.TestPlatform.Extensions.EventLogCollector: Loading assembly 'C:\Program Files\dotnet\sdk\6.0.401\Extensions\Microsoft.TestPlatform.Extensions.EventLogCollector.dll'.
TpTrace Information: 0 : 32512, 1, 2022/12/08, 15:37:59.471, 3457633599231, vstest.console.dll, AssemblyResolver.OnResolve: Resolved assembly: Microsoft.TestPlatform.Extensions.EventLogCollector, from path: C:\Program Files\dotnet\sdk\6.0.401\Extensions\Microsoft.TestPlatform.Extensions.EventLogCollector.dll
TpTrace Verbose: 0 : 32512, 1, 2022/12/08, 15:37:59.471, 3457633600490, vstest.console.dll, MetadataReaderExtensionsHelper: Discovering extensions inside assembly 'Microsoft.TestPlatform.Extensions.EventLogCollector, Version=15.0.0.0, Culture=neutral, PublicKeyToken=b03f5f7f11d50a3a' file path 'C:\Program Files\dotnet\sdk\6.0.401\Extensions\Microsoft.TestPlatform.Extensions.EventLogCollector.dll'
TpTrace Information: 0 : 32512, 1, 2022/12/08, 15:37:59.473, 3457633617641, vstest.console.dll, AssemblyResolver.OnResolve: Microsoft.TestPlatform.TestHostRuntimeProvider: Resolving assembly.
TpTrace Information: 0 : 32512, 1, 2022/12/08, 15:37:59.473, 3457633618905, vstest.console.dll, AssemblyResolver.OnResolve: Microsoft.TestPlatform.TestHostRuntimeProvider: Searching in: 'C:\Program Files\dotnet\sdk\6.0.401\Extensions'.
TpTrace Information: 0 : 32512, 1, 2022/12/08, 15:37:59.474, 3457633625246, vstest.console.dll, AssemblyResolver.OnResolve: Microsoft.TestPlatform.TestHostRuntimeProvider: Loading assembly 'C:\Program Files\dotnet\sdk\6.0.401\Extensions\Microsoft.TestPlatform.TestHostRuntimeProvider.dll'.
TpTrace Information: 0 : 32512, 1, 2022/12/08, 15:37:59.475, 3457633631017, vstest.console.dll, AssemblyResolver.OnResolve: Resolved assembly: Microsoft.TestPlatform.TestHostRuntimeProvider, from path: C:\Program Files\dotnet\sdk\6.0.401\Extensions\Microsoft.TestPlatform.TestHostRuntimeProvider.dll
TpTrace Verbose: 0 : 32512, 1, 2022/12/08, 15:37:59.475, 3457633631769, vstest.console.dll, MetadataReaderExtensionsHelper: Discovering extensions inside assembly 'Microsoft.TestPlatform.TestHostRuntimeProvider, Version=15.0.0.0, Culture=neutral, PublicKeyToken=b03f5f7f11d50a3a' file path 'C:\Program Files\dotnet\sdk\6.0.401\Extensions\Microsoft.TestPlatform.TestHostRuntimeProvider.dll'
TpTrace Information: 0 : 32512, 1, 2022/12/08, 15:37:59.477, 3457633652908, vstest.console.dll, GetTestExtensionFromType: Register extension with identifier data 'HostProvider://DefaultTestHost' and type 'Microsoft.VisualStudio.TestPlatform.CrossPlatEngine.Hosting.DefaultTestHostManager, Microsoft.TestPlatform.TestHostRuntimeProvider, Version=15.0.0.0, Culture=neutral, PublicKeyToken=b03f5f7f11d50a3a' inside file 'C:\Program Files\dotnet\sdk\6.0.401\Extensions\Microsoft.TestPlatform.TestHostRuntimeProvider.dll'
TpTrace Information: 0 : 32512, 1, 2022/12/08, 15:37:59.477, 3457633653928, vstest.console.dll, GetTestExtensionFromType: Register extension with identifier data 'HostProvider://DotnetTestHost' and type 'Microsoft.VisualStudio.TestPlatform.CrossPlatEngine.Hosting.DotnetTestHostManager, Microsoft.TestPlatform.TestHostRuntimeProvider, Version=15.0.0.0, Culture=neutral, PublicKeyToken=b03f5f7f11d50a3a' inside file 'C:\Program Files\dotnet\sdk\6.0.401\Extensions\Microsoft.TestPlatform.TestHostRuntimeProvider.dll'
TpTrace Information: 0 : 32512, 1, 2022/12/08, 15:37:59.477, 3457633654566, vstest.console.dll, AssemblyResolver.OnResolve: Microsoft.VisualStudio.TestPlatform.Extensions.Html.TestLogger: Resolving assembly.
TpTrace Information: 0 : 32512, 1, 2022/12/08, 15:37:59.477, 3457633654796, vstest.console.dll, AssemblyResolver.OnResolve: Microsoft.VisualStudio.TestPlatform.Extensions.Html.TestLogger: Searching in: 'C:\Program Files\dotnet\sdk\6.0.401\Extensions'.
TpTrace Information: 0 : 32512, 1, 2022/12/08, 15:37:59.478, 3457633661681, vstest.console.dll, AssemblyResolver.OnResolve: Microsoft.VisualStudio.TestPlatform.Extensions.Html.TestLogger: Loading assembly 'C:\Program Files\dotnet\sdk\6.0.401\Extensions\Microsoft.VisualStudio.TestPlatform.Extensions.Html.TestLogger.dll'.
TpTrace Information: 0 : 32512, 1, 2022/12/08, 15:37:59.478, 3457633668971, vstest.console.dll, AssemblyResolver.OnResolve: Resolved assembly: Microsoft.VisualStudio.TestPlatform.Extensions.Html.TestLogger, from path: C:\Program Files\dotnet\sdk\6.0.401\Extensions\Microsoft.VisualStudio.TestPlatform.Extensions.Html.TestLogger.dll
TpTrace Verbose: 0 : 32512, 1, 2022/12/08, 15:37:59.478, 3457633669727, vstest.console.dll, MetadataReaderExtensionsHelper: Discovering extensions inside assembly 'Microsoft.VisualStudio.TestPlatform.Extensions.Html.TestLogger, Version=15.0.0.0, Culture=neutral, PublicKeyToken=b03f5f7f11d50a3a' file path 'C:\Program Files\dotnet\sdk\6.0.401\Extensions\Microsoft.VisualStudio.TestPlatform.Extensions.Html.TestLogger.dll'
TpTrace Information: 0 : 32512, 1, 2022/12/08, 15:37:59.479, 3457633678435, vstest.console.dll, AssemblyResolver.OnResolve: Microsoft.VisualStudio.TestPlatform.Extensions.Trx.TestLogger: Resolving assembly.
TpTrace Information: 0 : 32512, 1, 2022/12/08, 15:37:59.479, 3457633679026, vstest.console.dll, AssemblyResolver.OnResolve: Microsoft.VisualStudio.TestPlatform.Extensions.Trx.TestLogger: Searching in: 'C:\Program Files\dotnet\sdk\6.0.401\Extensions'.
TpTrace Information: 0 : 32512, 1, 2022/12/08, 15:37:59.480, 3457633683944, vstest.console.dll, AssemblyResolver.OnResolve: Microsoft.VisualStudio.TestPlatform.Extensions.Trx.TestLogger: Loading assembly 'C:\Program Files\dotnet\sdk\6.0.401\Extensions\Microsoft.VisualStudio.TestPlatform.Extensions.Trx.TestLogger.dll'.
TpTrace Information: 0 : 32512, 1, 2022/12/08, 15:37:59.480, 3457633689079, vstest.console.dll, AssemblyResolver.OnResolve: Resolved assembly: Microsoft.VisualStudio.TestPlatform.Extensions.Trx.TestLogger, from path: C:\Program Files\dotnet\sdk\6.0.401\Extensions\Microsoft.VisualStudio.TestPlatform.Extensions.Trx.TestLogger.dll
TpTrace Verbose: 0 : 32512, 1, 2022/12/08, 15:37:59.480, 3457633689822, vstest.console.dll, MetadataReaderExtensionsHelper: Discovering extensions inside assembly 'Microsoft.VisualStudio.TestPlatform.Extensions.Trx.TestLogger, Version=15.0.0.0, Culture=neutral, PublicKeyToken=b03f5f7f11d50a3a' file path 'C:\Program Files\dotnet\sdk\6.0.401\Extensions\Microsoft.VisualStudio.TestPlatform.Extensions.Trx.TestLogger.dll'
TpTrace Verbose: 0 : 32512, 1, 2022/12/08, 15:37:59.481, 3457633700282, vstest.console.dll, TestPluginCache: Discovered the extensions using extension path ''.
TpTrace Verbose: 0 : 32512, 1, 2022/12/08, 15:37:59.482, 3457633701046, vstest.console.dll, TestPluginCache: Discoverers are ''.
TpTrace Verbose: 0 : 32512, 1, 2022/12/08, 15:37:59.482, 3457633701283, vstest.console.dll, TestPluginCache: Executors are ''.
TpTrace Verbose: 0 : 32512, 1, 2022/12/08, 15:37:59.482, 3457633701441, vstest.console.dll, TestPluginCache: Executors2 are ''.
TpTrace Verbose: 0 : 32512, 1, 2022/12/08, 15:37:59.482, 3457633701590, vstest.console.dll, TestPluginCache: Setting providers are ''.
TpTrace Verbose: 0 : 32512, 1, 2022/12/08, 15:37:59.482, 3457633701739, vstest.console.dll, TestPluginCache: Loggers are ''.
TpTrace Verbose: 0 : 32512, 1, 2022/12/08, 15:37:59.482, 3457633702917, vstest.console.dll, TestPluginCache: TestHosts are 'HostProvider://DefaultTestHost,HostProvider://DotnetTestHost'.
TpTrace Verbose: 0 : 32512, 1, 2022/12/08, 15:37:59.482, 3457633703172, vstest.console.dll, TestPluginCache: DataCollectors are ''.
TpTrace Information: 0 : 32512, 1, 2022/12/08, 15:37:59.491, 3457633791005, vstest.console.dll, RunTestsArgumentProcessor:Execute: Test run is starting.
TpTrace Verbose: 0 : 32512, 1, 2022/12/08, 15:37:59.491, 3457633791905, vstest.console.dll, RunTestsArgumentProcessor:Execute: Queuing Test run.
TpTrace Information: 0 : 32512, 1, 2022/12/08, 15:37:59.491, 3457633793680, vstest.console.dll, TestRequestManager.RunTests: run tests started.
TpTrace Information: 0 : 32512, 1, 2022/12/08, 15:37:59.492, 3457633804858, vstest.console.dll, AssemblyMetadataProvider.GetFrameworkName: Determined framework:'.NETCoreApp,Version=v6.0' for source: 'C:\Users\NguyenDung\OneDrive\Máy tính\Assignment-Ecommerce-Rookie\Ecommerce-Project\ShoesShop.UI\ShoesShop.Test\bin\Debug\net6.0\fine-code-coverage\build-output\ShoesShop.Test.dll'
TpTrace Information: 0 : 32512, 1, 2022/12/08, 15:37:59.492, 3457633806310, vstest.console.dll, Determined framework for all sources: .NETCoreApp,Version=v6.0
TpTrace Verbose: 0 : 32512, 1, 2022/12/08, 15:37:59.492, 3457633810540, vstest.console.dll, TestRequestManager.UpdateRunSettingsIfRequired: Default architecture: X64 IsDefaultTargetArchitecture: True, Current process architecture: X64 OperatingSystem: Windows.
TpTrace Information: 0 : 32512, 1, 2022/12/08, 15:37:59.494, 3457633830335, vstest.console.dll, AssemblyMetadataProvider.GetArchitecture: Determined architecture:AnyCPU info for assembly: C:\Users\NguyenDung\OneDrive\Máy tính\Assignment-Ecommerce-Rookie\Ecommerce-Project\ShoesShop.UI\ShoesShop.Test\bin\Debug\net6.0\fine-code-coverage\build-output\ShoesShop.Test.dll
TpTrace Information: 0 : 32512, 1, 2022/12/08, 15:37:59.495, 3457633831111, vstest.console.dll, Determined platform for source 'C:\Users\NguyenDung\OneDrive\Máy tính\Assignment-Ecommerce-Rookie\Ecommerce-Project\ShoesShop.UI\ShoesShop.Test\bin\Debug\net6.0\fine-code-coverage\build-output\ShoesShop.Test.dll' was AnyCPU and it will use the default plaform X64.
TpTrace Information: 0 : 32512, 1, 2022/12/08, 15:37:59.495, 3457633831327, vstest.console.dll, None of the sources provided any runnable platform, using the default platform: X64
TpTrace Information: 0 : 32512, 1, 2022/12/08, 15:37:59.495, 3457633832107, vstest.console.dll, Platform was updated to 'X64'.
TpTrace Information: 0 : 32512, 1, 2022/12/08, 15:37:59.497, 3457633860326, vstest.console.dll, InferRunSettingsHelper.IsTestSettingsEnabled: Unable to navigate to RunSettings/MSTest. Current node: RunSettings
TpTrace Information: 0 : 32512, 1, 2022/12/08, 15:37:59.498, 3457633865698, vstest.console.dll, AssemblyResolver.OnResolve: Microsoft.VisualStudio.TestPlatform.Fakes: Resolving assembly.
TpTrace Information: 0 : 32512, 1, 2022/12/08, 15:37:59.498, 3457633866194, vstest.console.dll, AssemblyResolver.OnResolve: Microsoft.VisualStudio.TestPlatform.Fakes: Searching in: 'C:\Program Files\dotnet\sdk\6.0.401\Extensions'.
TpTrace Information: 0 : 32512, 1, 2022/12/08, 15:37:59.498, 3457633867037, vstest.console.dll, AssemblyResolver.OnResolve: Microsoft.VisualStudio.TestPlatform.Fakes: Assembly path does not exist: 'C:\Program Files\dotnet\sdk\6.0.401\Extensions\Microsoft.VisualStudio.TestPlatform.Fakes.dll', returning.
TpTrace Information: 0 : 32512, 1, 2022/12/08, 15:37:59.498, 3457633867446, vstest.console.dll, AssemblyResolver.OnResolve: Microsoft.VisualStudio.TestPlatform.Fakes: Assembly path does not exist: 'C:\Program Files\dotnet\sdk\6.0.401\Extensions\Microsoft.VisualStudio.TestPlatform.Fakes.exe', returning.
TpTrace Information: 0 : 32512, 1, 2022/12/08, 15:37:59.498, 3457633867633, vstest.console.dll, AssemblyResolver.OnResolve: Microsoft.VisualStudio.TestPlatform.Fakes: Searching in: 'C:\Program Files\dotnet\sdk\6.0.401'.
TpTrace Information: 0 : 32512, 1, 2022/12/08, 15:37:59.498, 3457633868036, vstest.console.dll, AssemblyResolver.OnResolve: Microsoft.VisualStudio.TestPlatform.Fakes: Assembly path does not exist: 'C:\Program Files\dotnet\sdk\6.0.401\Microsoft.VisualStudio.TestPlatform.Fakes.dll', returning.
TpTrace Information: 0 : 32512, 1, 2022/12/08, 15:37:59.498, 3457633868371, vstest.console.dll, AssemblyResolver.OnResolve: Microsoft.VisualStudio.TestPlatform.Fakes: Assembly path does not exist: 'C:\Program Files\dotnet\sdk\6.0.401\Microsoft.VisualStudio.TestPlatform.Fakes.exe', returning.
TpTrace Information: 0 : 32512, 1, 2022/12/08, 15:37:59.498, 3457633868666, vstest.console.dll, AssemblyResolver.OnResolve: Microsoft.VisualStudio.TestPlatform.Fakes: Failed to load assembly.
TpTrace Information: 0 : 32512, 1, 2022/12/08, 15:37:59.499, 3457633870778, vstest.console.dll, Failed to load assembly Microsoft.VisualStudio.TestPlatform.Fakes, Version=17.0.0.0, Culture=neutral. Reason:System.IO.FileNotFoundException: Could not load file or assembly 'Microsoft.VisualStudio.TestPlatform.Fakes, Version=17.0.0.0, Culture=neutral, PublicKeyToken=null'. The system cannot find the file specified.
File name: 'Microsoft.VisualStudio.TestPlatform.Fakes, Version=17.0.0.0, Culture=neutral, PublicKeyToken=null'
   at System.Reflection.RuntimeAssembly.InternalLoad(ObjectHandleOnStack assemblyName, ObjectHandleOnStack requestingAssembly, StackCrawlMarkHandle stackMark, Boolean throwOnFileNotFound, ObjectHandleOnStack assemblyLoadContext, ObjectHandleOnStack retAssembly)
   at System.Reflection.RuntimeAssembly.InternalLoad(AssemblyName assemblyName, RuntimeAssembly requestingAssembly, StackCrawlMark& stackMark, Boolean throwOnFileNotFound, AssemblyLoadContext assemblyLoadContext)
   at System.Reflection.Assembly.Load(AssemblyName assemblyRef)
   at Microsoft.VisualStudio.TestPlatform.Common.Utilities.FakesUtilities.LoadTestPlatformAssembly()
TpTrace Verbose: 0 : 32512, 1, 2022/12/08, 15:37:59.502, 3457633901768, vstest.console.dll, TestPluginCache.DiscoverTestExtensions: finding test extensions in assemblies ends with: TestLogger.dll TPluginInfo: Microsoft.VisualStudio.TestPlatform.Common.ExtensionFramework.Utilities.TestLoggerPluginInformation TExtension: Microsoft.VisualStudio.TestPlatform.ObjectModel.Client.ITestLogger
TpTrace Verbose: 0 : 32512, 1, 2022/12/08, 15:37:59.502, 3457633902819, vstest.console.dll, TestPluginCache.GetExtensionPaths: Filtered extension paths: 
TpTrace Verbose: 0 : 32512, 1, 2022/12/08, 15:37:59.502, 3457633903038, vstest.console.dll, TestPluginCache.GetExtensionPaths: Added default extension paths: C:\Program Files\dotnet\sdk\6.0.401\Extensions\Microsoft.Diagnostics.NETCore.Client.dll
C:\Program Files\dotnet\sdk\6.0.401\Extensions\Microsoft.TestPlatform.Extensions.BlameDataCollector.dll
C:\Program Files\dotnet\sdk\6.0.401\Extensions\Microsoft.TestPlatform.Extensions.EventLogCollector.dll
C:\Program Files\dotnet\sdk\6.0.401\Extensions\Microsoft.TestPlatform.TestHostRuntimeProvider.dll
C:\Program Files\dotnet\sdk\6.0.401\Extensions\Microsoft.VisualStudio.TestPlatform.Extensions.Html.TestLogger.dll
C:\Program Files\dotnet\sdk\6.0.401\Extensions\Microsoft.VisualStudio.TestPlatform.Extensions.Trx.TestLogger.dll
TpTrace Verbose: 0 : 32512, 1, 2022/12/08, 15:37:59.502, 3457633903263, vstest.console.dll, TestPluginCache.GetExtensionPaths: Added unfilterableExtensionPaths: 
TpTrace Information: 0 : 32512, 1, 2022/12/08, 15:37:59.502, 3457633904386, vstest.console.dll, AssemblyResolver.AddSearchDirectories: Adding more searchDirectories C:\Program Files\dotnet\sdk\6.0.401\Extensions,C:\Program Files\dotnet\sdk\6.0.401
TpTrace Verbose: 0 : 32512, 1, 2022/12/08, 15:37:59.502, 3457633904694, vstest.console.dll, TestPluginCache.DiscoverTestExtensions: Discovering the extensions using extension path.
TpTrace Verbose: 0 : 32512, 1, 2022/12/08, 15:37:59.502, 3457633904940, vstest.console.dll, TestPluginCache.GetExtensionPaths: Filtered extension paths: 
TpTrace Verbose: 0 : 32512, 1, 2022/12/08, 15:37:59.502, 3457633905158, vstest.console.dll, TestPluginCache.GetExtensionPaths: Added default extension paths: C:\Program Files\dotnet\sdk\6.0.401\Extensions\Microsoft.Diagnostics.NETCore.Client.dll
C:\Program Files\dotnet\sdk\6.0.401\Extensions\Microsoft.TestPlatform.Extensions.BlameDataCollector.dll
C:\Program Files\dotnet\sdk\6.0.401\Extensions\Microsoft.TestPlatform.Extensions.EventLogCollector.dll
C:\Program Files\dotnet\sdk\6.0.401\Extensions\Microsoft.TestPlatform.TestHostRuntimeProvider.dll
C:\Program Files\dotnet\sdk\6.0.401\Extensions\Microsoft.VisualStudio.TestPlatform.Extensions.Html.TestLogger.dll
C:\Program Files\dotnet\sdk\6.0.401\Extensions\Microsoft.VisualStudio.TestPlatform.Extensions.Trx.TestLogger.dll
TpTrace Verbose: 0 : 32512, 1, 2022/12/08, 15:37:59.502, 3457633905890, vstest.console.dll, TestPluginCache.GetExtensionPaths: Added unfilterableExtensionPaths: 
TpTrace Verbose: 0 : 32512, 1, 2022/12/08, 15:37:59.502, 3457633906161, vstest.console.dll, TestPluginCache.DiscoverTestExtensions: Discovering the extensions using allExtensionPaths: C:\Program Files\dotnet\sdk\6.0.401\Extensions\Microsoft.Diagnostics.NETCore.Client.dll
C:\Program Files\dotnet\sdk\6.0.401\Extensions\Microsoft.TestPlatform.Extensions.BlameDataCollector.dll
C:\Program Files\dotnet\sdk\6.0.401\Extensions\Microsoft.TestPlatform.Extensions.EventLogCollector.dll
C:\Program Files\dotnet\sdk\6.0.401\Extensions\Microsoft.TestPlatform.TestHostRuntimeProvider.dll
C:\Program Files\dotnet\sdk\6.0.401\Extensions\Microsoft.VisualStudio.TestPlatform.Extensions.Html.TestLogger.dll
C:\Program Files\dotnet\sdk\6.0.401\Extensions\Microsoft.VisualStudio.TestPlatform.Extensions.Trx.TestLogger.dll
TpTrace Information: 0 : 32512, 1, 2022/12/08, 15:37:59.502, 3457633906479, vstest.console.dll, AssemblyResolver.AddSearchDirectories: Adding more searchDirectories C:\Program Files\dotnet\sdk\6.0.401\Extensions,C:\Program Files\dotnet\sdk\6.0.401
TpTrace Information: 0 : 32512, 1, 2022/12/08, 15:37:59.502, 3457633906710, vstest.console.dll, AssemblyResolver.AddSearchDirectories: Adding more searchDirectories C:\Program Files\dotnet\sdk\6.0.401\Extensions,C:\Program Files\dotnet\sdk\6.0.401
TpTrace Information: 0 : 32512, 1, 2022/12/08, 15:37:59.502, 3457633906884, vstest.console.dll, AssemblyResolver.AddSearchDirectories: Adding more searchDirectories C:\Program Files\dotnet\sdk\6.0.401\Extensions,C:\Program Files\dotnet\sdk\6.0.401
TpTrace Information: 0 : 32512, 1, 2022/12/08, 15:37:59.502, 3457633907056, vstest.console.dll, AssemblyResolver.AddSearchDirectories: Adding more searchDirectories C:\Program Files\dotnet\sdk\6.0.401\Extensions,C:\Program Files\dotnet\sdk\6.0.401
TpTrace Information: 0 : 32512, 1, 2022/12/08, 15:37:59.502, 3457633907253, vstest.console.dll, AssemblyResolver.AddSearchDirectories: Adding more searchDirectories C:\Program Files\dotnet\sdk\6.0.401\Extensions,C:\Program Files\dotnet\sdk\6.0.401
TpTrace Information: 0 : 32512, 1, 2022/12/08, 15:37:59.502, 3457633907427, vstest.console.dll, AssemblyResolver.AddSearchDirectories: Adding more searchDirectories C:\Program Files\dotnet\sdk\6.0.401\Extensions,C:\Program Files\dotnet\sdk\6.0.401
TpTrace Verbose: 0 : 32512, 1, 2022/12/08, 15:37:59.502, 3457633908378, vstest.console.dll, MetadataReaderExtensionsHelper: Discovering extensions inside assembly 'Microsoft.Diagnostics.NETCore.Client, Version=0.2.5.801, Culture=neutral, PublicKeyToken=31bf3856ad364e35' file path 'C:\Program Files\dotnet\sdk\6.0.401\Extensions\Microsoft.Diagnostics.NETCore.Client.dll'
TpTrace Information: 0 : 32512, 1, 2022/12/08, 15:37:59.503, 3457633915782, vstest.console.dll, AssemblyResolver.OnResolve: Microsoft.Bcl.AsyncInterfaces: Resolving assembly.
TpTrace Information: 0 : 32512, 1, 2022/12/08, 15:37:59.503, 3457633916351, vstest.console.dll, AssemblyResolver.OnResolve: Microsoft.Bcl.AsyncInterfaces: Resolved from cache.
TpTrace Verbose: 0 : 32512, 1, 2022/12/08, 15:37:59.503, 3457633916682, vstest.console.dll, CurrentDomainAssemblyResolve: Resolving assembly 'Microsoft.Bcl.AsyncInterfaces'.
TpTrace Information: 0 : 32512, 1, 2022/12/08, 15:37:59.503, 3457633917029, vstest.console.dll, AssemblyResolver.OnResolve: Microsoft.Bcl.AsyncInterfaces: Resolving assembly.
TpTrace Information: 0 : 32512, 1, 2022/12/08, 15:37:59.503, 3457633917234, vstest.console.dll, AssemblyResolver.OnResolve: Microsoft.Bcl.AsyncInterfaces: Resolved from cache.
TpTrace Verbose: 0 : 32512, 1, 2022/12/08, 15:37:59.503, 3457633917434, vstest.console.dll, CurrentDomainAssemblyResolve: Resolving assembly 'Microsoft.Bcl.AsyncInterfaces'.
TpTrace Verbose: 0 : 32512, 1, 2022/12/08, 15:37:59.503, 3457633917594, vstest.console.dll, CurrentDomainAssemblyResolve: Failed to resolve assembly 'Microsoft.Bcl.AsyncInterfaces'.
TpTrace Verbose: 0 : 32512, 1, 2022/12/08, 15:37:59.503, 3457633918907, vstest.console.dll, CurrentDomainAssemblyResolve: Failed to resolve assembly 'Microsoft.Bcl.AsyncInterfaces'.
TpTrace Warning: 0 : 32512, 1, 2022/12/08, 15:37:59.504, 3457633921807, vstest.console.dll, TestPluginDiscoverer: Failed to get types from assembly 'Microsoft.Diagnostics.NETCore.Client, Version=0.2.5.801, Culture=neutral, PublicKeyToken=31bf3856ad364e35'. Error: System.Reflection.ReflectionTypeLoadException: Unable to load one or more of the requested types.
Could not load file or assembly 'Microsoft.Bcl.AsyncInterfaces, Version=1.0.0.0, Culture=neutral, PublicKeyToken=cc7b13ffcd2ddd51'. The system cannot find the file specified.
   at System.Reflection.RuntimeModule.GetTypes(RuntimeModule module)
   at System.Reflection.Assembly.GetTypes()
   at Microsoft.VisualStudio.TestPlatform.Common.ExtensionFramework.TestPluginDiscoverer.GetTestExtensionsFromAssembly[TPluginInfo,TExtension](Assembly assembly, Dictionary`2 pluginInfos, String filePath)
System.IO.FileNotFoundException: Could not load file or assembly 'Microsoft.Bcl.AsyncInterfaces, Version=1.0.0.0, Culture=neutral, PublicKeyToken=cc7b13ffcd2ddd51'. The system cannot find the file specified.
File name: 'Microsoft.Bcl.AsyncInterfaces, Version=1.0.0.0, Culture=neutral, PublicKeyToken=cc7b13ffcd2ddd51'
 ---> System.IO.FileNotFoundException: Could not load file or assembly 'Microsoft.Bcl.AsyncInterfaces, Culture=neutral, PublicKeyToken=null'. The system cannot find the file specified.
File name: 'Microsoft.Bcl.AsyncInterfaces, Culture=neutral, PublicKeyToken=null'
   at System.Reflection.RuntimeAssembly.InternalLoad(ObjectHandleOnStack assemblyName, ObjectHandleOnStack requestingAssembly, StackCrawlMarkHandle stackMark, Boolean throwOnFileNotFound, ObjectHandleOnStack assemblyLoadContext, ObjectHandleOnStack retAssembly)
   at System.Reflection.RuntimeAssembly.InternalLoad(AssemblyName assemblyName, RuntimeAssembly requestingAssembly, StackCrawlMark& stackMark, Boolean throwOnFileNotFound, AssemblyLoadContext assemblyLoadContext)
   at System.Reflection.Assembly.Load(AssemblyName assemblyRef)
   at Microsoft.VisualStudio.TestPlatform.Common.ExtensionFramework.TestPluginCache.CurrentDomainAssemblyResolve(Object sender, AssemblyResolveEventArgs args)
   at Microsoft.VisualStudio.TestPlatform.PlatformAbstractions.PlatformAssemblyResolver.AssemblyResolverEvent(Object sender, Object eventArgs)
   at System.Runtime.Loader.AssemblyLoadContext.GetFirstResolvedAssemblyFromResolvingEvent(AssemblyName assemblyName)
   at System.Runtime.Loader.AssemblyLoadContext.ResolveUsingEvent(AssemblyName assemblyName)
   at System.Runtime.Loader.AssemblyLoadContext.ResolveUsingResolvingEvent(IntPtr gchManagedAssemblyLoadContext, AssemblyName assemblyName)
TpTrace Warning: 0 : 32512, 1, 2022/12/08, 15:37:59.504, 3457633923254, vstest.console.dll, LoaderExceptions: System.IO.FileNotFoundException: Could not load file or assembly 'Microsoft.Bcl.AsyncInterfaces, Version=1.0.0.0, Culture=neutral, PublicKeyToken=cc7b13ffcd2ddd51'. The system cannot find the file specified.
File name: 'Microsoft.Bcl.AsyncInterfaces, Version=1.0.0.0, Culture=neutral, PublicKeyToken=cc7b13ffcd2ddd51'
 ---> System.IO.FileNotFoundException: Could not load file or assembly 'Microsoft.Bcl.AsyncInterfaces, Culture=neutral, PublicKeyToken=null'. The system cannot find the file specified.
File name: 'Microsoft.Bcl.AsyncInterfaces, Culture=neutral, PublicKeyToken=null'
   at System.Reflection.RuntimeAssembly.InternalLoad(ObjectHandleOnStack assemblyName, ObjectHandleOnStack requestingAssembly, StackCrawlMarkHandle stackMark, Boolean throwOnFileNotFound, ObjectHandleOnStack assemblyLoadContext, ObjectHandleOnStack retAssembly)
   at System.Reflection.RuntimeAssembly.InternalLoad(AssemblyName assemblyName, RuntimeAssembly requestingAssembly, StackCrawlMark& stackMark, Boolean throwOnFileNotFound, AssemblyLoadContext assemblyLoadContext)
   at System.Reflection.Assembly.Load(AssemblyName assemblyRef)
   at Microsoft.VisualStudio.TestPlatform.Common.ExtensionFramework.TestPluginCache.CurrentDomainAssemblyResolve(Object sender, AssemblyResolveEventArgs args)
   at Microsoft.VisualStudio.TestPlatform.PlatformAbstractions.PlatformAssemblyResolver.AssemblyResolverEvent(Object sender, Object eventArgs)
   at System.Runtime.Loader.AssemblyLoadContext.GetFirstResolvedAssemblyFromResolvingEvent(AssemblyName assemblyName)
   at System.Runtime.Loader.AssemblyLoadContext.ResolveUsingEvent(AssemblyName assemblyName)
   at System.Runtime.Loader.AssemblyLoadContext.ResolveUsingResolvingEvent(IntPtr gchManagedAssemblyLoadContext, AssemblyName assemblyName)
TpTrace Verbose: 0 : 32512, 1, 2022/12/08, 15:37:59.504, 3457633923969, vstest.console.dll, MetadataReaderExtensionsHelper: Discovering extensions inside assembly 'Microsoft.TestPlatform.Extensions.BlameDataCollector, Version=15.0.0.0, Culture=neutral, PublicKeyToken=b03f5f7f11d50a3a' file path 'C:\Program Files\dotnet\sdk\6.0.401\Extensions\Microsoft.TestPlatform.Extensions.BlameDataCollector.dll'
TpTrace Information: 0 : 32512, 1, 2022/12/08, 15:37:59.505, 3457633931368, vstest.console.dll, GetTestExtensionFromType: Register extension with identifier data 'logger://Microsoft/TestPlatform/Extensions/Blame/v1' and type 'Microsoft.TestPlatform.Extensions.BlameDataCollector.BlameLogger, Microsoft.TestPlatform.Extensions.BlameDataCollector, Version=15.0.0.0, Culture=neutral, PublicKeyToken=b03f5f7f11d50a3a' inside file 'C:\Program Files\dotnet\sdk\6.0.401\Extensions\Microsoft.TestPlatform.Extensions.BlameDataCollector.dll'
TpTrace Verbose: 0 : 32512, 1, 2022/12/08, 15:37:59.505, 3457633932161, vstest.console.dll, MetadataReaderExtensionsHelper: Discovering extensions inside assembly 'Microsoft.TestPlatform.Extensions.EventLogCollector, Version=15.0.0.0, Culture=neutral, PublicKeyToken=b03f5f7f11d50a3a' file path 'C:\Program Files\dotnet\sdk\6.0.401\Extensions\Microsoft.TestPlatform.Extensions.EventLogCollector.dll'
TpTrace Verbose: 0 : 32512, 1, 2022/12/08, 15:37:59.506, 3457633940679, vstest.console.dll, MetadataReaderExtensionsHelper: Discovering extensions inside assembly 'Microsoft.TestPlatform.TestHostRuntimeProvider, Version=15.0.0.0, Culture=neutral, PublicKeyToken=b03f5f7f11d50a3a' file path 'C:\Program Files\dotnet\sdk\6.0.401\Extensions\Microsoft.TestPlatform.TestHostRuntimeProvider.dll'
TpTrace Verbose: 0 : 32512, 1, 2022/12/08, 15:37:59.506, 3457633949924, vstest.console.dll, MetadataReaderExtensionsHelper: Discovering extensions inside assembly 'Microsoft.VisualStudio.TestPlatform.Extensions.Html.TestLogger, Version=15.0.0.0, Culture=neutral, PublicKeyToken=b03f5f7f11d50a3a' file path 'C:\Program Files\dotnet\sdk\6.0.401\Extensions\Microsoft.VisualStudio.TestPlatform.Extensions.Html.TestLogger.dll'
TpTrace Information: 0 : 32512, 1, 2022/12/08, 15:37:59.507, 3457633958588, vstest.console.dll, GetTestExtensionFromType: Register extension with identifier data 'logger://Microsoft/TestPlatform/HtmlLogger/v1' and type 'Microsoft.VisualStudio.TestPlatform.Extensions.HtmlLogger.HtmlLogger, Microsoft.VisualStudio.TestPlatform.Extensions.Html.TestLogger, Version=15.0.0.0, Culture=neutral, PublicKeyToken=b03f5f7f11d50a3a' inside file 'C:\Program Files\dotnet\sdk\6.0.401\Extensions\Microsoft.VisualStudio.TestPlatform.Extensions.Html.TestLogger.dll'
TpTrace Verbose: 0 : 32512, 1, 2022/12/08, 15:37:59.507, 3457633959624, vstest.console.dll, MetadataReaderExtensionsHelper: Discovering extensions inside assembly 'Microsoft.VisualStudio.TestPlatform.Extensions.Trx.TestLogger, Version=15.0.0.0, Culture=neutral, PublicKeyToken=b03f5f7f11d50a3a' file path 'C:\Program Files\dotnet\sdk\6.0.401\Extensions\Microsoft.VisualStudio.TestPlatform.Extensions.Trx.TestLogger.dll'
TpTrace Information: 0 : 32512, 1, 2022/12/08, 15:37:59.508, 3457633967919, vstest.console.dll, GetTestExtensionFromType: Register extension with identifier data 'logger://Microsoft/TestPlatform/TrxLogger/v1' and type 'Microsoft.VisualStudio.TestPlatform.Extensions.TrxLogger.TrxLogger, Microsoft.VisualStudio.TestPlatform.Extensions.Trx.TestLogger, Version=15.0.0.0, Culture=neutral, PublicKeyToken=b03f5f7f11d50a3a' inside file 'C:\Program Files\dotnet\sdk\6.0.401\Extensions\Microsoft.VisualStudio.TestPlatform.Extensions.Trx.TestLogger.dll'
TpTrace Verbose: 0 : 32512, 1, 2022/12/08, 15:37:59.508, 3457633968783, vstest.console.dll, TestPluginCache: Discovered the extensions using extension path ''.
TpTrace Verbose: 0 : 32512, 1, 2022/12/08, 15:37:59.508, 3457633969011, vstest.console.dll, TestPluginCache: Discoverers are ''.
TpTrace Verbose: 0 : 32512, 1, 2022/12/08, 15:37:59.508, 3457633969171, vstest.console.dll, TestPluginCache: Executors are ''.
TpTrace Verbose: 0 : 32512, 1, 2022/12/08, 15:37:59.508, 3457633969322, vstest.console.dll, TestPluginCache: Executors2 are ''.
TpTrace Verbose: 0 : 32512, 1, 2022/12/08, 15:37:59.508, 3457633969471, vstest.console.dll, TestPluginCache: Setting providers are ''.
TpTrace Verbose: 0 : 32512, 1, 2022/12/08, 15:37:59.508, 3457633970190, vstest.console.dll, TestPluginCache: Loggers are 'logger://Microsoft/TestPlatform/Extensions/Blame/v1,logger://Microsoft/TestPlatform/HtmlLogger/v1,logger://Microsoft/TestPlatform/TrxLogger/v1'.
TpTrace Verbose: 0 : 32512, 1, 2022/12/08, 15:37:59.508, 3457633970511, vstest.console.dll, TestPluginCache: TestHosts are 'HostProvider://DefaultTestHost,HostProvider://DotnetTestHost'.
TpTrace Verbose: 0 : 32512, 1, 2022/12/08, 15:37:59.509, 3457633970683, vstest.console.dll, TestPluginCache: DataCollectors are ''.
TpTrace Information: 0 : 32512, 1, 2022/12/08, 15:37:59.509, 3457633976297, vstest.console.dll, TestPluginManager.CreateTestExtension: Attempting to load test extension: Microsoft.TestPlatform.Extensions.BlameDataCollector.BlameLogger
TpTrace Verbose: 0 : 32512, 1, 2022/12/08, 15:37:59.513, 3457634014954, vstest.console.dll, TestEngine: Initializing Parallel Execution as MaxCpuCount is set to: 1
TpTrace Information: 0 : 32512, 1, 2022/12/08, 15:37:59.515, 3457634038378, vstest.console.dll, TestPluginManager.CreateTestExtension: Attempting to load test extension: Microsoft.VisualStudio.TestPlatform.CrossPlatEngine.Hosting.DefaultTestHostManager
TpTrace Information: 0 : 32512, 1, 2022/12/08, 15:37:59.516, 3457634044906, vstest.console.dll, TestPluginManager.CreateTestExtension: Attempting to load test extension: Microsoft.VisualStudio.TestPlatform.CrossPlatEngine.Hosting.DotnetTestHostManager
TpTrace Information: 0 : 32512, 1, 2022/12/08, 15:37:59.516, 3457634049069, vstest.console.dll, InferRunSettingsHelper.IsTestSettingsEnabled: Unable to navigate to RunSettings/MSTest. Current node: RunSettings
TpTrace Verbose: 0 : 32512, 1, 2022/12/08, 15:37:59.520, 3457634085320, vstest.console.dll, TestEngine.GetExecutionManager: Chosen execution manager 'Microsoft.VisualStudio.TestPlatform.CrossPlatEngine.Client.Parallel.ParallelProxyExecutionManager, Microsoft.TestPlatform.CrossPlatEngine, Version=15.0.0.0, Culture=neutral, PublicKeyToken=b03f5f7f11d50a3a' ParallelLevel '1'.
TpTrace Verbose: 0 : 32512, 1, 2022/12/08, 15:37:59.520, 3457634086701, vstest.console.dll, TestRunRequest.ExecuteAsync: Creating test run request.
TpTrace Verbose: 0 : 32512, 1, 2022/12/08, 15:37:59.520, 3457634088386, vstest.console.dll, TestRunRequest.ExecuteAsync: Starting.
TpTrace Information: 0 : 32512, 1, 2022/12/08, 15:37:59.521, 3457634093617, vstest.console.dll, TestRunRequest.ExecuteAsync: Starting run with settings:TestRunCriteria:
   KeepAlive=False,FrequencyOfRunStatsChangeEvent=10,RunStatsChangeEventTimeout=00:00:01.5000000,TestCaseFilter=,TestExecutorLauncher=
   Settingsxml=<RunSettings>
  <RunConfiguration>
    <ResultsDirectory>C:\Users\NguyenDung\OneDrive\Máy tính\Assignment-Ecommerce-Rookie\Ecommerce-Project\ShoesShop.UI\ShoesShop.Test\bin\Debug\net6.0\fine-code-coverage\coverage-tool-output</ResultsDirectory>
    <TargetPlatform>X64</TargetPlatform>
    <TargetFrameworkVersion>.NETCoreApp,Version=v6.0</TargetFrameworkVersion>
    <DesignMode>False</DesignMode>
    <CollectSourceInformation>False</CollectSourceInformation>
  </RunConfiguration>
  <LoggerRunSettings>
    <Loggers>
      <Logger friendlyName="blame" enabled="True" />
      <Logger friendlyName="Console" uri="logger://microsoft/TestPlatform/ConsoleLogger/v1" assemblyQualifiedName="Microsoft.VisualStudio.TestPlatform.CommandLine.Internal.ConsoleLogger, vstest.console, Version=15.0.0.0, Culture=neutral, PublicKeyToken=b03f5f7f11d50a3a" codeBase="C:\Program Files\dotnet\sdk\6.0.401\vstest.console.dll" enabled="True" />
    </Loggers>
  </LoggerRunSettings>
  <DataCollectionRunSettings>
    <DataCollectors>
      <DataCollector friendlyName="blame" enabled="True">
        <Configuration>
          <ResultsDirectory>C:\Users\NguyenDung\OneDrive\Máy tính\Assignment-Ecommerce-Rookie\Ecommerce-Project\ShoesShop.UI\ShoesShop.Test\bin\Debug\net6.0\fine-code-coverage\coverage-tool-output</ResultsDirectory>
        </Configuration>
      </DataCollector>
    </DataCollectors>
  </DataCollectionRunSettings>
</RunSettings>

TpTrace Verbose: 0 : 32512, 1, 2022/12/08, 15:37:59.521, 3457634094724, vstest.console.dll, TestRunRequest.ExecuteAsync: Wait for the first run request is over.
TpTrace Verbose: 0 : 32512, 1, 2022/12/08, 15:37:59.521, 3457634098340, vstest.console.dll, MulticastDelegateUtilities.SafeInvoke: TestRun.TestRunStart: Invoking callbacks was skipped because there are no subscribers.
TpTrace Verbose: 0 : 32512, 4, 2022/12/08, 15:37:59.522, 3457634102299, vstest.console.dll, MulticastDelegateUtilities.SafeInvoke: InternalTestLoggerEvents.SendTestRunStart: Invoking callback 1/1 for Microsoft.VisualStudio.TestPlatform.CommandLine.Internal.ConsoleLogger.TestRunStartHandler, took 0 ms.
TpTrace Verbose: 0 : 32512, 1, 2022/12/08, 15:37:59.522, 3457634106829, vstest.console.dll, ParallelProxyExecutionManager: Start execution. Total sources: 1
TpTrace Verbose: 0 : 32512, 1, 2022/12/08, 15:37:59.523, 3457634118229, vstest.console.dll, TestRequestSender is acting as server.
TpTrace Verbose: 0 : 32512, 1, 2022/12/08, 15:37:59.524, 3457634127769, vstest.console.dll, DataCollectionRequestSender.InitializeCommunication : Initialize communication. 
TpTrace Information: 0 : 32512, 1, 2022/12/08, 15:37:59.529, 3457634176469, vstest.console.dll, Listening on Endpoint : 127.0.0.1:60139
TpTrace Verbose: 0 : 32512, 1, 2022/12/08, 15:37:59.535, 3457634232448, vstest.console.dll, DotnetDataCollectionLauncher: Adding  --runtimeconfig "C:\Program Files\dotnet\sdk\6.0.401\datacollector.runtimeconfig.json" in args
TpTrace Verbose: 0 : 32512, 1, 2022/12/08, 15:37:59.535, 3457634233420, vstest.console.dll, DotnetDataCollectionLauncher: Adding  --depsfile "C:\Program Files\dotnet\sdk\6.0.401\datacollector.deps.json" in args
TpTrace Verbose: 0 : 32512, 1, 2022/12/08, 15:37:59.535, 3457634234497, vstest.console.dll, DotnetDataCollectionLauncher: Full path of dotnet.exe is C:\Program Files\dotnet\dotnet.exe
TpTrace Information: 0 : 32512, 1, 2022/12/08, 15:37:59.544, 3457634323116, vstest.console.dll, ProxyDataCollectionManager.Initialize: Launched datacollector processId: 7344 port: 60139
TpTrace Information: 0 : 32512, 1, 2022/12/08, 15:37:59.544, 3457634324759, vstest.console.dll, ProxyDataCollectionManager.Initialize: waiting for connection with timeout: 90 seconds
TpTrace Verbose: 0 : 32512, 1, 2022/12/08, 15:37:59.544, 3457634325214, vstest.console.dll, DataCollectionRequestSender.WaitForRequestHandlerConnection : Waiting for connection with timeout: 90000
TpTrace Information: 0 : 32512, 5, 2022/12/08, 15:37:59.663, 3457635516279, vstest.console.dll, Using the buffer size of 16384 bytes
TpTrace Information: 0 : 32512, 5, 2022/12/08, 15:37:59.663, 3457635517268, vstest.console.dll, Accepted Client request and set the flag
TpTrace Verbose: 0 : 32512, 1, 2022/12/08, 15:37:59.663, 3457635516578, vstest.console.dll, SocketCommunicationManager.WaitForClientConnection took: 119 ms, with 90000 ms timeout, and finished with True.
TpTrace Verbose: 0 : 32512, 1, 2022/12/08, 15:37:59.663, 3457635518404, vstest.console.dll, ProxyDataCollectionManager.InvokeDataCollectionServiceAction: Starting.
TpTrace Information: 0 : 32512, 1, 2022/12/08, 15:37:59.663, 3457635519163, vstest.console.dll, ProxyDataCollectionManager.BeforeTestRunStart: Get environment variable and port for datacollector processId: 7344 port: 60139
TpTrace Verbose: 0 : 32512, 1, 2022/12/08, 15:37:59.663, 3457635520030, vstest.console.dll, DataCollectionRequestSender.SendBeforeTestRunStartAndGetResult: Send BeforeTestRunStart message with settingsXml <RunSettings><RunConfiguration><ResultsDirectory>C:\Users\NguyenDung\OneDrive\Máy tính\Assignment-Ecommerce-Rookie\Ecommerce-Project\ShoesShop.UI\ShoesShop.Test\bin\Debug\net6.0\fine-code-coverage\coverage-tool-output</ResultsDirectory><TargetPlatform>X64</TargetPlatform><TargetFrameworkVersion>.NETCoreApp,Version=v6.0</TargetFrameworkVersion><DesignMode>False</DesignMode><CollectSourceInformation>False</CollectSourceInformation><TestAdaptersPaths>C:\Program Files\dotnet\sdk\6.0.401\Extensions</TestAdaptersPaths></RunConfiguration><LoggerRunSettings><Loggers><Logger friendlyName="blame" enabled="True" /><Logger friendlyName="Console" uri="logger://microsoft/TestPlatform/ConsoleLogger/v1" assemblyQualifiedName="Microsoft.VisualStudio.TestPlatform.CommandLine.Internal.ConsoleLogger, vstest.console, Version=15.0.0.0, Culture=neutral, PublicKeyToken=b03f5f7f11d50a3a" codeBase="C:\Program Files\dotnet\sdk\6.0.401\vstest.console.dll" enabled="True" /></Loggers></LoggerRunSettings><DataCollectionRunSettings><DataCollectors><DataCollector friendlyName="blame" enabled="True"><Configuration><ResultsDirectory>C:\Users\NguyenDung\OneDrive\Máy tính\Assignment-Ecommerce-Rookie\Ecommerce-Project\ShoesShop.UI\ShoesShop.Test\bin\Debug\net6.0\fine-code-coverage\coverage-tool-output</ResultsDirectory></Configuration></DataCollector></DataCollectors></DataCollectionRunSettings></RunSettings> and sources System.Collections.Generic.List`1[System.String]: 
TpTrace Verbose: 0 : 32512, 1, 2022/12/08, 15:37:59.716, 3457636045791, vstest.console.dll, DataCollectionRequestSender.SendBeforeTestRunStartAndGetResult: Received message: (DataCollection.SendMessage) -> {"MessageType":"DataCollection.SendMessage","Payload":{"FriendlyName":null,"Uri":null,"TestCaseId":"00000000-0000-0000-0000-000000000000","Message":"Logging DataCollector Diagnostics in file: C:\\Users\\NguyenDung\\OneDrive\\Máy tính\\Assignment-Ecommerce-Rookie\\Ecommerce-Project\\ShoesShop.UI\\ShoesShop.Test\\bin\\Debug\\net6.0\\fine-code-coverage\\coverage-tool-output\\diagnostics.datacollector.22-12-08_15-37-59_53497_1.log","Level":0}}
TpTrace Verbose: 0 : 32512, 1, 2022/12/08, 15:37:59.791, 3457636792636, vstest.console.dll, DataCollectionRequestSender.SendBeforeTestRunStartAndGetResult: Received message: (DataCollection.BeforeTestRunStartResult) -> {"MessageType":"DataCollection.BeforeTestRunStartResult","Payload":{"EnvironmentVariables":{},"DataCollectionEventsPort":60141}}
TpTrace Information: 0 : 32512, 1, 2022/12/08, 15:37:59.796, 3457636844847, vstest.console.dll, ProxyDataCollectionManager.BeforeTestRunStart: SendBeforeTestRunStartAndGetResult successful, env variable from datacollector:   and testhost port: 60141
TpTrace Information: 0 : 32512, 1, 2022/12/08, 15:37:59.796, 3457636845848, vstest.console.dll, ProxyDataCollectionManager.InvokeDataCollectionServiceAction: Completed.
TpTrace Verbose: 0 : 32512, 1, 2022/12/08, 15:37:59.796, 3457636847018, vstest.console.dll, ProxyParallelExecutionManager: No sources available for execution.
TpTrace Information: 0 : 32512, 1, 2022/12/08, 15:37:59.796, 3457636847453, vstest.console.dll, TestRunRequest.ExecuteAsync: Started.
TpTrace Verbose: 0 : 32512, 7, 2022/12/08, 15:37:59.796, 3457636847443, vstest.console.dll, ParallelProxyExecutionManager: Execution started. Started clients: 1
TpTrace Verbose: 0 : 32512, 1, 2022/12/08, 15:37:59.796, 3457636848003, vstest.console.dll, TestRunRequest.WaitForCompletion: Waiting with timeout -1.
TpTrace Verbose: 0 : 32512, 7, 2022/12/08, 15:37:59.797, 3457636852158, vstest.console.dll, TestRunRequest:SendTestRunMessage: Starting.
TpTrace Verbose: 0 : 32512, 7, 2022/12/08, 15:37:59.797, 3457636854514, vstest.console.dll, MulticastDelegateUtilities.SafeInvoke: TestRun.LogMessages: Invoking callback 1/1 for Microsoft.VisualStudio.TestPlatform.CommandLine.TestRunResultAggregator.TestRunMessageHandler, took 0 ms.
TpTrace Verbose: 0 : 32512, 4, 2022/12/08, 15:37:59.797, 3457636854757, vstest.console.dll, MulticastDelegateUtilities.SafeInvoke: InternalTestLoggerEvents.SendTestRunMessage: Invoking callback 1/1 for Microsoft.VisualStudio.TestPlatform.CommandLine.Internal.ConsoleLogger.TestMessageHandler, took 0 ms.
TpTrace Information: 0 : 32512, 7, 2022/12/08, 15:37:59.797, 3457636855129, vstest.console.dll, TestRunRequest:SendTestRunMessage: Completed.
TpTrace Verbose: 0 : 32512, 7, 2022/12/08, 15:37:59.797, 3457636859331, vstest.console.dll, ProxyExecutionManager: Test host is always Lazy initialize.
TpTrace Verbose: 0 : 32512, 7, 2022/12/08, 15:37:59.798, 3457636862385, vstest.console.dll, TestRequestSender.InitializeCommunication: initialize communication. 
TpTrace Information: 0 : 32512, 7, 2022/12/08, 15:37:59.798, 3457636867187, vstest.console.dll, SocketServer.Start: Listening on endpoint : 127.0.0.1:60142
TpTrace Verbose: 0 : 32512, 7, 2022/12/08, 15:37:59.799, 3457636873124, vstest.console.dll, DotnetTestHostmanager.GetTestHostProcessStartInfo: Platform environment 'X64' target architecture 'X64' framework '.NETCoreApp,Version=v6.0' OS 'Windows'
TpTrace Verbose: 0 : 32512, 7, 2022/12/08, 15:37:59.799, 3457636874973, vstest.console.dll, DotnetTestHostmanager: Adding  --runtimeconfig "C:\Users\NguyenDung\OneDrive\Máy tính\Assignment-Ecommerce-Rookie\Ecommerce-Project\ShoesShop.UI\ShoesShop.Test\bin\Debug\net6.0\fine-code-coverage\build-output\ShoesShop.Test.runtimeconfig.json" in args
TpTrace Verbose: 0 : 32512, 7, 2022/12/08, 15:37:59.799, 3457636875645, vstest.console.dll, DotnetTestHostmanager: Adding  --depsfile "C:\Users\NguyenDung\OneDrive\Máy tính\Assignment-Ecommerce-Rookie\Ecommerce-Project\ShoesShop.UI\ShoesShop.Test\bin\Debug\net6.0\fine-code-coverage\build-output\ShoesShop.Test.deps.json" in args
TpTrace Verbose: 0 : 32512, 7, 2022/12/08, 15:37:59.799, 3457636878135, vstest.console.dll, DotnetTestHostmanager.IsWinOnArm: Current PROCESSOR_ARCHITECTURE from environment variable 'AMD64'
TpTrace Verbose: 0 : 32512, 7, 2022/12/08, 15:37:59.799, 3457636878619, vstest.console.dll, DotnetTestHostmanager.IsWinOnArm: Is Windows on ARM 'False'
TpTrace Verbose: 0 : 32512, 7, 2022/12/08, 15:37:59.799, 3457636879438, vstest.console.dll, DotnetTestHostManager: testhost.exe found at path: C:\Users\NguyenDung\OneDrive\Máy tính\Assignment-Ecommerce-Rookie\Ecommerce-Project\ShoesShop.UI\ShoesShop.Test\bin\Debug\net6.0\fine-code-coverage\build-output\testhost.exe
TpTrace Verbose: 0 : 32512, 7, 2022/12/08, 15:37:59.799, 3457636879739, vstest.console.dll, DotnetTestHostmanager: Full path of host exe is C:\Users\NguyenDung\OneDrive\Máy tính\Assignment-Ecommerce-Rookie\Ecommerce-Project\ShoesShop.UI\ShoesShop.Test\bin\Debug\net6.0\fine-code-coverage\build-output\testhost.exe
TpTrace Verbose: 0 : 32512, 7, 2022/12/08, 15:37:59.800, 3457636880718, vstest.console.dll, DotnetTestHostmanager.LaunchTestHostAsync: Found 'VSTEST_WINAPPHOST_DOTNET_ROOT' in env variables, value 'C:\Program Files\dotnet', forwarding to 'DOTNET_ROOT'
TpTrace Verbose: 0 : 32512, 7, 2022/12/08, 15:37:59.800, 3457636881846, vstest.console.dll, DotnetTestHostManager: Starting process 'C:\Users\NguyenDung\OneDrive\Máy tính\Assignment-Ecommerce-Rookie\Ecommerce-Project\ShoesShop.UI\ShoesShop.Test\bin\Debug\net6.0\fine-code-coverage\build-output\testhost.exe' with command line ' --runtimeconfig "C:\Users\NguyenDung\OneDrive\Máy tính\Assignment-Ecommerce-Rookie\Ecommerce-Project\ShoesShop.UI\ShoesShop.Test\bin\Debug\net6.0\fine-code-coverage\build-output\ShoesShop.Test.runtimeconfig.json" --depsfile "C:\Users\NguyenDung\OneDrive\Máy tính\Assignment-Ecommerce-Rookie\Ecommerce-Project\ShoesShop.UI\ShoesShop.Test\bin\Debug\net6.0\fine-code-coverage\build-output\ShoesShop.Test.deps.json" --port 60142 --endpoint 127.0.0.1:060142 --role client --parentprocessid 32512 --diag "C:\Users\NguyenDung\OneDrive\Máy tính\Assignment-Ecommerce-Rookie\Ecommerce-Project\ShoesShop.UI\ShoesShop.Test\bin\Debug\net6.0\fine-code-coverage\coverage-tool-output\diagnostics.host.22-12-08_15-37-59_79897_7.log" --tracelevel 4 --datacollectionport 60141 --telemetryoptedin false'
TpTrace Verbose: 0 : 32512, 7, 2022/12/08, 15:37:59.806, 3457636941382, vstest.console.dll, MulticastDelegateUtilities.SafeInvoke: HostProviderEvents.OnHostLaunched: Invoking callback 1/2 for Microsoft.VisualStudio.TestPlatform.CrossPlatEngine.Client.ProxyExecutionManagerWithDataCollection.TestHostLaunchedHandler, took 1 ms.
TpTrace Verbose: 0 : 32512, 7, 2022/12/08, 15:37:59.806, 3457636942504, vstest.console.dll, Test Runtime launched
TpTrace Verbose: 0 : 32512, 7, 2022/12/08, 15:37:59.806, 3457636942827, vstest.console.dll, MulticastDelegateUtilities.SafeInvoke: HostProviderEvents.OnHostLaunched: Invoking callback 2/2 for Microsoft.VisualStudio.TestPlatform.CrossPlatEngine.Client.ProxyOperationManager.TestHostManagerHostLaunched, took 0 ms.
TpTrace Verbose: 0 : 32512, 7, 2022/12/08, 15:37:59.806, 3457636943937, vstest.console.dll, TestRequestSender.WaitForRequestHandlerConnection: waiting for connection with timeout: 90000.
TpTrace Verbose: 0 : 32512, 7, 2022/12/08, 15:37:59.942, 3457638304644, vstest.console.dll, TestRequestSender.WaitForRequestHandlerConnection: waiting took 136 ms, with timeout 90000 ms, and result 0, which is success.
TpTrace Verbose: 0 : 32512, 13, 2022/12/08, 15:37:59.942, 3457638304694, vstest.console.dll, MulticastDelegateUtilities.SafeInvoke: SocketServer: ClientConnected: Invoking callback 1/1 for Microsoft.VisualStudio.TestPlatform.CommunicationUtilities.TestRequestSender.<InitializeCommunication>b__24_0, took 0 ms.
TpTrace Verbose: 0 : 32512, 13, 2022/12/08, 15:37:59.942, 3457638306873, vstest.console.dll, SocketServer.OnClientConnected: Client connected for endPoint: 127.0.0.1:60142, starting MessageLoopAsync:
TpTrace Verbose: 0 : 32512, 10, 2022/12/08, 15:37:59.943, 3457638311024, vstest.console.dll, TcpClientExtensions.MessageLoopAsync: Polling on remoteEndPoint: 127.0.0.1:60143 localEndPoint: 127.0.0.1:60142
TpTrace Verbose: 0 : 32512, 7, 2022/12/08, 15:37:59.943, 3457638313706, vstest.console.dll, TestRequestSender.CheckVersionWithTestHost: Sending check version message: {"MessageType":"ProtocolVersion","Payload":7}
TpTrace Verbose: 0 : 32512, 10, 2022/12/08, 15:38:00.076, 3457639641328, vstest.console.dll, TcpClientExtensions.MessageLoopAsync: NotifyDataAvailable remoteEndPoint: 127.0.0.1:60143 localEndPoint: 127.0.0.1:60142
TpTrace Verbose: 0 : 32512, 10, 2022/12/08, 15:38:00.076, 3457639643878, vstest.console.dll, TestRequestSender.CheckVersionWithTestHost: onMessageReceived received message: (ProtocolVersion) -> {"MessageType":"ProtocolVersion","Payload":5}
TpTrace Verbose: 0 : 32512, 10, 2022/12/08, 15:38:00.076, 3457639648733, vstest.console.dll, MulticastDelegateUtilities.SafeInvoke: LengthPrefixCommunicationChannel: MessageReceived: Invoking callback 1/1 for Microsoft.VisualStudio.TestPlatform.CommunicationUtilities.TestRequestSender+<>c__DisplayClass26_0.<CheckVersionWithTestHost>b__0, took 0 ms.
TpTrace Verbose: 0 : 32512, 10, 2022/12/08, 15:38:00.076, 3457639649498, vstest.console.dll, TcpClientExtensions.MessageLoopAsync: Polling on remoteEndPoint: 127.0.0.1:60143 localEndPoint: 127.0.0.1:60142
TpTrace Verbose: 0 : 32512, 7, 2022/12/08, 15:38:00.076, 3457639649806, vstest.console.dll, TestPluginCache.GetExtensionPaths: Filtered extension paths: 
TpTrace Verbose: 0 : 32512, 7, 2022/12/08, 15:38:00.077, 3457639650796, vstest.console.dll, TestPluginCache.GetExtensionPaths: Added default extension paths: C:\Program Files\dotnet\sdk\6.0.401\Extensions\Microsoft.Diagnostics.NETCore.Client.dll
C:\Program Files\dotnet\sdk\6.0.401\Extensions\Microsoft.TestPlatform.Extensions.BlameDataCollector.dll
C:\Program Files\dotnet\sdk\6.0.401\Extensions\Microsoft.TestPlatform.Extensions.EventLogCollector.dll
C:\Program Files\dotnet\sdk\6.0.401\Extensions\Microsoft.TestPlatform.TestHostRuntimeProvider.dll
C:\Program Files\dotnet\sdk\6.0.401\Extensions\Microsoft.VisualStudio.TestPlatform.Extensions.Html.TestLogger.dll
C:\Program Files\dotnet\sdk\6.0.401\Extensions\Microsoft.VisualStudio.TestPlatform.Extensions.Trx.TestLogger.dll
TpTrace Verbose: 0 : 32512, 7, 2022/12/08, 15:38:00.077, 3457639652030, vstest.console.dll, TestPluginCache.GetExtensionPaths: Added unfilterableExtensionPaths: 
TpTrace Verbose: 0 : 32512, 7, 2022/12/08, 15:38:00.081, 3457639699361, vstest.console.dll, TestRequestSender.InitializeExecution: Sending initialize execution with message: {"Version":5,"MessageType":"TestExecution.Initialize","Payload":["C:\\Users\\NguyenDung\\OneDrive\\Máy tính\\Assignment-Ecommerce-Rookie\\Ecommerce-Project\\ShoesShop.UI\\ShoesShop.Test\\bin\\Debug\\net6.0\\fine-code-coverage\\build-output\\xunit.runner.visualstudio.dotnetcore.testadapter.dll"]}
TpTrace Warning: 0 : 32512, 7, 2022/12/08, 15:38:00.082, 3457639704335, vstest.console.dll, InferRunSettingsHelper.MakeRunsettingsCompatible: Removing the following settings: TargetPlatform from RunSettings file. To use those settings please move to latest version of Microsoft.NET.Test.Sdk
TpTrace Verbose: 0 : 32512, 10, 2022/12/08, 15:38:00.086, 3457639747082, vstest.console.dll, TcpClientExtensions.MessageLoopAsync: NotifyDataAvailable remoteEndPoint: 127.0.0.1:60143 localEndPoint: 127.0.0.1:60142
TpTrace Verbose: 0 : 32512, 10, 2022/12/08, 15:38:00.086, 3457639749064, vstest.console.dll, TestRequestSender.OnExecutionMessageReceived: Received message: {"Version":5,"MessageType":"TestSession.Message","Payload":{"MessageLevel":0,"Message":"Logging TestHost Diagnostics in file: C:\\Users\\NguyenDung\\OneDrive\\Máy tính\\Assignment-Ecommerce-Rookie\\Ecommerce-Project\\ShoesShop.UI\\ShoesShop.Test\\bin\\Debug\\net6.0\\fine-code-coverage\\coverage-tool-output\\diagnostics.host.22-12-08_15-37-59_79897_7.log"}}
TpTrace Verbose: 0 : 32512, 10, 2022/12/08, 15:38:00.089, 3457639773907, vstest.console.dll, TestRunRequest:SendTestRunMessage: Starting.
TpTrace Verbose: 0 : 32512, 10, 2022/12/08, 15:38:00.089, 3457639775929, vstest.console.dll, MulticastDelegateUtilities.SafeInvoke: TestRun.LogMessages: Invoking callback 1/1 for Microsoft.VisualStudio.TestPlatform.CommandLine.TestRunResultAggregator.TestRunMessageHandler, took 0 ms.
TpTrace Information: 0 : 32512, 10, 2022/12/08, 15:38:00.089, 3457639776409, vstest.console.dll, TestRunRequest:SendTestRunMessage: Completed.
TpTrace Verbose: 0 : 32512, 4, 2022/12/08, 15:38:00.089, 3457639776139, vstest.console.dll, MulticastDelegateUtilities.SafeInvoke: InternalTestLoggerEvents.SendTestRunMessage: Invoking callback 1/1 for Microsoft.VisualStudio.TestPlatform.CommandLine.Internal.ConsoleLogger.TestMessageHandler, took 0 ms.
TpTrace Verbose: 0 : 32512, 10, 2022/12/08, 15:38:00.089, 3457639777248, vstest.console.dll, MulticastDelegateUtilities.SafeInvoke: LengthPrefixCommunicationChannel: MessageReceived: Invoking callback 1/1 for Microsoft.VisualStudio.TestPlatform.CommunicationUtilities.TestRequestSender+<>c__DisplayClass31_0.<StartTestRun>b__1, took 2 ms.
TpTrace Verbose: 0 : 32512, 10, 2022/12/08, 15:38:00.089, 3457639777492, vstest.console.dll, TcpClientExtensions.MessageLoopAsync: Polling on remoteEndPoint: 127.0.0.1:60143 localEndPoint: 127.0.0.1:60142
TpTrace Verbose: 0 : 32512, 7, 2022/12/08, 15:38:00.092, 3457639806664, vstest.console.dll, TestRequestSender.StartTestRun: Sending test run with message: {"Version":5,"MessageType":"TestExecution.StartWithSources","Payload":{"AdapterSourceMap":{"_none_":["C:\\Users\\NguyenDung\\OneDrive\\Máy tính\\Assignment-Ecommerce-Rookie\\Ecommerce-Project\\ShoesShop.UI\\ShoesShop.Test\\bin\\Debug\\net6.0\\fine-code-coverage\\build-output\\ShoesShop.Test.dll"]},"RunSettings":"<RunSettings>\r\n  <RunConfiguration>\r\n    <ResultsDirectory>C:\\Users\\NguyenDung\\OneDrive\\Máy tính\\Assignment-Ecommerce-Rookie\\Ecommerce-Project\\ShoesShop.UI\\ShoesShop.Test\\bin\\Debug\\net6.0\\fine-code-coverage\\coverage-tool-output</ResultsDirectory>\r\n    <TargetFrameworkVersion>.NETCoreApp,Version=v6.0</TargetFrameworkVersion>\r\n    <DesignMode>False</DesignMode>\r\n    <CollectSourceInformation>False</CollectSourceInformation>\r\n  </RunConfiguration>\r\n  <LoggerRunSettings>\r\n    <Loggers>\r\n      <Logger friendlyName=\"blame\" enabled=\"True\" />\r\n      <Logger friendlyName=\"Console\" uri=\"logger://microsoft/TestPlatform/ConsoleLogger/v1\" assemblyQualifiedName=\"Microsoft.VisualStudio.TestPlatform.CommandLine.Internal.ConsoleLogger, vstest.console, Version=15.0.0.0, Culture=neutral, PublicKeyToken=b03f5f7f11d50a3a\" codeBase=\"C:\\Program Files\\dotnet\\sdk\\6.0.401\\vstest.console.dll\" enabled=\"True\" />\r\n    </Loggers>\r\n  </LoggerRunSettings>\r\n  <DataCollectionRunSettings>\r\n    <DataCollectors>\r\n      <DataCollector friendlyName=\"blame\" enabled=\"True\">\r\n        <Configuration>\r\n          <ResultsDirectory>C:\\Users\\NguyenDung\\OneDrive\\Máy tính\\Assignment-Ecommerce-Rookie\\Ecommerce-Project\\ShoesShop.UI\\ShoesShop.Test\\bin\\Debug\\net6.0\\fine-code-coverage\\coverage-tool-output</ResultsDirectory>\r\n        </Configuration>\r\n      </DataCollector>\r\n    </DataCollectors>\r\n  </DataCollectionRunSettings>\r\n</RunSettings>","TestExecutionContext":{"FrequencyOfRunStatsChangeEvent":10,"RunStatsChangeEventTimeout":"00:00:01.5000000","InIsolation":false,"KeepAlive":false,"AreTestCaseLevelEventsRequired":false,"IsDebug":false,"TestCaseFilter":null,"FilterOptions":null},"Package":null}}
TpTrace Verbose: 0 : 32512, 10, 2022/12/08, 15:38:00.252, 3457641403185, vstest.console.dll, TcpClientExtensions.MessageLoopAsync: NotifyDataAvailable remoteEndPoint: 127.0.0.1:60143 localEndPoint: 127.0.0.1:60142
TpTrace Verbose: 0 : 32512, 10, 2022/12/08, 15:38:00.252, 3457641405489, vstest.console.dll, TestRequestSender.OnExecutionMessageReceived: Received message: {"Version":5,"MessageType":"TestSession.Message","Payload":{"MessageLevel":0,"Message":"[xUnit.net 00:00:00.00] xUnit.net VSTest Adapter v2.4.3+1b45f5407b (64-bit .NET 6.0.9)"}}
TpTrace Verbose: 0 : 32512, 10, 2022/12/08, 15:38:00.252, 3457641407608, vstest.console.dll, TestRunRequest:SendTestRunMessage: Starting.
TpTrace Verbose: 0 : 32512, 10, 2022/12/08, 15:38:00.252, 3457641408114, vstest.console.dll, MulticastDelegateUtilities.SafeInvoke: TestRun.LogMessages: Invoking callback 1/1 for Microsoft.VisualStudio.TestPlatform.CommandLine.TestRunResultAggregator.TestRunMessageHandler, took 0 ms.
TpTrace Information: 0 : 32512, 10, 2022/12/08, 15:38:00.252, 3457641408326, vstest.console.dll, TestRunRequest:SendTestRunMessage: Completed.
TpTrace Verbose: 0 : 32512, 10, 2022/12/08, 15:38:00.252, 3457641408736, vstest.console.dll, MulticastDelegateUtilities.SafeInvoke: LengthPrefixCommunicationChannel: MessageReceived: Invoking callback 1/1 for Microsoft.VisualStudio.TestPlatform.CommunicationUtilities.TestRequestSender+<>c__DisplayClass31_0.<StartTestRun>b__1, took 0 ms.
TpTrace Verbose: 0 : 32512, 10, 2022/12/08, 15:38:00.252, 3457641408939, vstest.console.dll, TcpClientExtensions.MessageLoopAsync: Polling on remoteEndPoint: 127.0.0.1:60143 localEndPoint: 127.0.0.1:60142
TpTrace Verbose: 0 : 32512, 4, 2022/12/08, 15:38:00.252, 3457641408868, vstest.console.dll, MulticastDelegateUtilities.SafeInvoke: InternalTestLoggerEvents.SendTestRunMessage: Invoking callback 1/1 for Microsoft.VisualStudio.TestPlatform.CommandLine.Internal.ConsoleLogger.TestMessageHandler, took 0 ms.
TpTrace Verbose: 0 : 32512, 10, 2022/12/08, 15:38:01.259, 3457651472807, vstest.console.dll, TcpClientExtensions.MessageLoopAsync: Polling on remoteEndPoint: 127.0.0.1:60143 localEndPoint: 127.0.0.1:60142
TpTrace Verbose: 0 : 32512, 10, 2022/12/08, 15:38:01.701, 3457655891469, vstest.console.dll, TcpClientExtensions.MessageLoopAsync: NotifyDataAvailable remoteEndPoint: 127.0.0.1:60143 localEndPoint: 127.0.0.1:60142
TpTrace Verbose: 0 : 32512, 10, 2022/12/08, 15:38:01.701, 3457655893566, vstest.console.dll, TestRequestSender.OnExecutionMessageReceived: Received message: {"Version":5,"MessageType":"TestSession.Message","Payload":{"MessageLevel":0,"Message":"[xUnit.net 00:00:01.45]   Discovering: ShoesShop.Test"}}
TpTrace Verbose: 0 : 32512, 10, 2022/12/08, 15:38:01.701, 3457655895121, vstest.console.dll, TestRunRequest:SendTestRunMessage: Starting.
TpTrace Verbose: 0 : 32512, 10, 2022/12/08, 15:38:01.701, 3457655895965, vstest.console.dll, MulticastDelegateUtilities.SafeInvoke: TestRun.LogMessages: Invoking callback 1/1 for Microsoft.VisualStudio.TestPlatform.CommandLine.TestRunResultAggregator.TestRunMessageHandler, took 0 ms.
TpTrace Information: 0 : 32512, 10, 2022/12/08, 15:38:01.701, 3457655896851, vstest.console.dll, TestRunRequest:SendTestRunMessage: Completed.
TpTrace Verbose: 0 : 32512, 4, 2022/12/08, 15:38:01.701, 3457655896398, vstest.console.dll, MulticastDelegateUtilities.SafeInvoke: InternalTestLoggerEvents.SendTestRunMessage: Invoking callback 1/1 for Microsoft.VisualStudio.TestPlatform.CommandLine.Internal.ConsoleLogger.TestMessageHandler, took 0 ms.
TpTrace Verbose: 0 : 32512, 10, 2022/12/08, 15:38:01.701, 3457655897529, vstest.console.dll, MulticastDelegateUtilities.SafeInvoke: LengthPrefixCommunicationChannel: MessageReceived: Invoking callback 1/1 for Microsoft.VisualStudio.TestPlatform.CommunicationUtilities.TestRequestSender+<>c__DisplayClass31_0.<StartTestRun>b__1, took 0 ms.
TpTrace Verbose: 0 : 32512, 10, 2022/12/08, 15:38:01.701, 3457655899454, vstest.console.dll, TcpClientExtensions.MessageLoopAsync: Polling on remoteEndPoint: 127.0.0.1:60143 localEndPoint: 127.0.0.1:60142
TpTrace Verbose: 0 : 32512, 10, 2022/12/08, 15:38:01.733, 3457656218184, vstest.console.dll, TcpClientExtensions.MessageLoopAsync: NotifyDataAvailable remoteEndPoint: 127.0.0.1:60143 localEndPoint: 127.0.0.1:60142
TpTrace Verbose: 0 : 32512, 10, 2022/12/08, 15:38:01.733, 3457656220372, vstest.console.dll, TestRequestSender.OnExecutionMessageReceived: Received message: {"Version":5,"MessageType":"TestSession.Message","Payload":{"MessageLevel":0,"Message":"[xUnit.net 00:00:01.49]   Discovered:  ShoesShop.Test"}}
TpTrace Verbose: 0 : 32512, 10, 2022/12/08, 15:38:01.734, 3457656221906, vstest.console.dll, TestRunRequest:SendTestRunMessage: Starting.
TpTrace Verbose: 0 : 32512, 10, 2022/12/08, 15:38:01.734, 3457656222701, vstest.console.dll, MulticastDelegateUtilities.SafeInvoke: TestRun.LogMessages: Invoking callback 1/1 for Microsoft.VisualStudio.TestPlatform.CommandLine.TestRunResultAggregator.TestRunMessageHandler, took 0 ms.
TpTrace Verbose: 0 : 32512, 4, 2022/12/08, 15:38:01.734, 3457656223228, vstest.console.dll, MulticastDelegateUtilities.SafeInvoke: InternalTestLoggerEvents.SendTestRunMessage: Invoking callback 1/1 for Microsoft.VisualStudio.TestPlatform.CommandLine.Internal.ConsoleLogger.TestMessageHandler, took 0 ms.
TpTrace Information: 0 : 32512, 10, 2022/12/08, 15:38:01.734, 3457656223986, vstest.console.dll, TestRunRequest:SendTestRunMessage: Completed.
TpTrace Verbose: 0 : 32512, 10, 2022/12/08, 15:38:01.734, 3457656225688, vstest.console.dll, MulticastDelegateUtilities.SafeInvoke: LengthPrefixCommunicationChannel: MessageReceived: Invoking callback 1/1 for Microsoft.VisualStudio.TestPlatform.CommunicationUtilities.TestRequestSender+<>c__DisplayClass31_0.<StartTestRun>b__1, took 0 ms.
TpTrace Verbose: 0 : 32512, 10, 2022/12/08, 15:38:01.734, 3457656226130, vstest.console.dll, TcpClientExtensions.MessageLoopAsync: Polling on remoteEndPoint: 127.0.0.1:60143 localEndPoint: 127.0.0.1:60142
TpTrace Verbose: 0 : 32512, 10, 2022/12/08, 15:38:01.735, 3457656237049, vstest.console.dll, TcpClientExtensions.MessageLoopAsync: NotifyDataAvailable remoteEndPoint: 127.0.0.1:60143 localEndPoint: 127.0.0.1:60142
TpTrace Verbose: 0 : 32512, 10, 2022/12/08, 15:38:01.735, 3457656238921, vstest.console.dll, TestRequestSender.OnExecutionMessageReceived: Received message: {"Version":5,"MessageType":"TestSession.Message","Payload":{"MessageLevel":0,"Message":"[xUnit.net 00:00:01.49]   Starting:    ShoesShop.Test"}}
TpTrace Verbose: 0 : 32512, 10, 2022/12/08, 15:38:01.735, 3457656240275, vstest.console.dll, TestRunRequest:SendTestRunMessage: Starting.
TpTrace Verbose: 0 : 32512, 10, 2022/12/08, 15:38:01.736, 3457656240817, vstest.console.dll, MulticastDelegateUtilities.SafeInvoke: TestRun.LogMessages: Invoking callback 1/1 for Microsoft.VisualStudio.TestPlatform.CommandLine.TestRunResultAggregator.TestRunMessageHandler, took 0 ms.
TpTrace Information: 0 : 32512, 10, 2022/12/08, 15:38:01.736, 3457656241433, vstest.console.dll, TestRunRequest:SendTestRunMessage: Completed.
TpTrace Verbose: 0 : 32512, 4, 2022/12/08, 15:38:01.736, 3457656241360, vstest.console.dll, MulticastDelegateUtilities.SafeInvoke: InternalTestLoggerEvents.SendTestRunMessage: Invoking callback 1/1 for Microsoft.VisualStudio.TestPlatform.CommandLine.Internal.ConsoleLogger.TestMessageHandler, took 0 ms.
TpTrace Verbose: 0 : 32512, 10, 2022/12/08, 15:38:01.736, 3457656241629, vstest.console.dll, MulticastDelegateUtilities.SafeInvoke: LengthPrefixCommunicationChannel: MessageReceived: Invoking callback 1/1 for Microsoft.VisualStudio.TestPlatform.CommunicationUtilities.TestRequestSender+<>c__DisplayClass31_0.<StartTestRun>b__1, took 0 ms.
TpTrace Verbose: 0 : 32512, 10, 2022/12/08, 15:38:01.736, 3457656243419, vstest.console.dll, TcpClientExtensions.MessageLoopAsync: Polling on remoteEndPoint: 127.0.0.1:60143 localEndPoint: 127.0.0.1:60142
TpTrace Verbose: 0 : 32512, 10, 2022/12/08, 15:38:01.800, 3457656888290, vstest.console.dll, TcpClientExtensions.MessageLoopAsync: NotifyDataAvailable remoteEndPoint: 127.0.0.1:60143 localEndPoint: 127.0.0.1:60142
TpTrace Verbose: 0 : 32512, 10, 2022/12/08, 15:38:01.800, 3457656890279, vstest.console.dll, TestRequestSender.OnExecutionMessageReceived: Received message: {"Version":5,"MessageType":"TestExecution.StatsChange","Payload":{"NewTestResults":[],"TestRunStatistics":{"ExecutedTests":0,"Stats":{}},"ActiveTests":[{"Id":"21a76cba-16c8-239d-b279-37f76b2cf209","FullyQualifiedName":"ShoesShop.Test.APITest.StatisticControllerTest.GetStatisticCardNumberAPI_ListStatisticNumberDTO","DisplayName":"ShoesShop.Test.APITest.StatisticControllerTest.GetStatisticCardNumberAPI_ListStatisticNumberDTO","ExecutorUri":"executor://xunit/VsTestRunner2/netcoreapp","Source":"C:\\Users\\NguyenDung\\OneDrive\\Máy tính\\Assignment-Ecommerce-Rookie\\Ecommerce-Project\\ShoesShop.UI\\ShoesShop.Test\\bin\\Debug\\net6.0\\fine-code-coverage\\build-output\\ShoesShop.Test.dll","CodeFilePath":null,"LineNumber":0,"Properties":[]}]}}
TpTrace Verbose: 0 : 32512, 10, 2022/12/08, 15:38:01.815, 3457657033656, vstest.console.dll, TestRunRequest:SendTestRunStatsChange: Starting.
TpTrace Verbose: 0 : 32512, 10, 2022/12/08, 15:38:01.815, 3457657035214, vstest.console.dll, InProgress is ShoesShop.Test.APITest.StatisticControllerTest.GetStatisticCardNumberAPI_ListStatisticNumberDTO
TpTrace Verbose: 0 : 32512, 10, 2022/12/08, 15:38:01.815, 3457657035948, vstest.console.dll, MulticastDelegateUtilities.SafeInvoke: TestRun.RunStatsChanged: Invoking callbacks was skipped because there are no subscribers.
TpTrace Information: 0 : 32512, 10, 2022/12/08, 15:38:01.815, 3457657036665, vstest.console.dll, TestRunRequest:SendTestRunStatsChange: Completed.
TpTrace Verbose: 0 : 32512, 10, 2022/12/08, 15:38:01.815, 3457657036942, vstest.console.dll, MulticastDelegateUtilities.SafeInvoke: LengthPrefixCommunicationChannel: MessageReceived: Invoking callback 1/1 for Microsoft.VisualStudio.TestPlatform.CommunicationUtilities.TestRequestSender+<>c__DisplayClass31_0.<StartTestRun>b__1, took 14 ms.
TpTrace Verbose: 0 : 32512, 10, 2022/12/08, 15:38:01.815, 3457657037170, vstest.console.dll, TcpClientExtensions.MessageLoopAsync: Polling on remoteEndPoint: 127.0.0.1:60143 localEndPoint: 127.0.0.1:60142
TpTrace Verbose: 0 : 32512, 10, 2022/12/08, 15:38:02.761, 3457666496327, vstest.console.dll, TcpClientExtensions.MessageLoopAsync: NotifyDataAvailable remoteEndPoint: 127.0.0.1:60143 localEndPoint: 127.0.0.1:60142
TpTrace Verbose: 0 : 32512, 10, 2022/12/08, 15:38:02.761, 3457666500423, vstest.console.dll, TestRequestSender.OnExecutionMessageReceived: Received message: {"Version":5,"MessageType":"TestExecution.StatsChange","Payload":{"NewTestResults":[{"TestCase":{"Id":"f646665a-7206-0fa0-023e-707051a4c39a","FullyQualifiedName":"ShoesShop.Test.TestFunctions.Test_DiscountedPriceCalulator_Method","DisplayName":"ShoesShop.Test.TestFunctions.Test_DiscountedPriceCalulator_Method","ExecutorUri":"executor://xunit/VsTestRunner2/netcoreapp","Source":"C:\\Users\\NguyenDung\\OneDrive\\Máy tính\\Assignment-Ecommerce-Rookie\\Ecommerce-Project\\ShoesShop.UI\\ShoesShop.Test\\bin\\Debug\\net6.0\\fine-code-coverage\\build-output\\ShoesShop.Test.dll","CodeFilePath":null,"LineNumber":0,"Properties":[]},"Attachments":[],"Outcome":1,"ErrorMessage":null,"ErrorStackTrace":null,"DisplayName":"ShoesShop.Test.TestFunctions.Test_DiscountedPriceCalulator_Method","Messages":[],"ComputerName":"LAPTOP-76M9FLCU","Duration":"00:00:00.0043339","StartTime":"2022-12-08T08:38:01.8239834+00:00","EndTime":"2022-12-08T08:38:01.8239991+00:00","Properties":[]},{"TestCase":{"Id":"21a76cba-16c8-239d-b279-37f76b2cf209","FullyQualifiedName":"ShoesShop.Test.APITest.StatisticControllerTest.GetStatisticCardNumberAPI_ListStatisticNumberDTO","DisplayName":"ShoesShop.Test.APITest.StatisticControllerTest.GetStatisticCardNumberAPI_ListStatisticNumberDTO","ExecutorUri":"executor://xunit/VsTestRunner2/netcoreapp","Source":"C:\\Users\\NguyenDung\\OneDrive\\Máy tính\\Assignment-Ecommerce-Rookie\\Ecommerce-Project\\ShoesShop.UI\\ShoesShop.Test\\bin\\Debug\\net6.0\\fine-code-coverage\\build-output\\ShoesShop.Test.dll","CodeFilePath":null,"LineNumber":0,"Properties":[]},"Attachments":[],"Outcome":1,"ErrorMessage":null,"ErrorStackTrace":null,"DisplayName":"ShoesShop.Test.APITest.StatisticControllerTest.GetStatisticCardNumberAPI_ListStatisticNumberDTO","Messages":[],"ComputerName":"LAPTOP-76M9FLCU","Duration":"00:00:00.8635176","StartTime":"2022-12-08T08:38:02.649636+00:00","EndTime":"2022-12-08T08:38:02.6496361+00:00","Properties":[]},{"TestCase":{"Id":"5d76bc41-63e6-9559-be5a-9563fb831977","FullyQualifiedName":"ShoesShop.Test.APITest.StatisticControllerTest.GetRecentOrdersAPI_ShouldReturnListOrderDTOHaveDateOrderIsToday","DisplayName":"ShoesShop.Test.APITest.StatisticControllerTest.GetRecentOrdersAPI_ShouldReturnListOrderDTOHaveDateOrderIsToday","ExecutorUri":"executor://xunit/VsTestRunner2/netcoreapp","Source":"C:\\Users\\NguyenDung\\OneDrive\\Máy tính\\Assignment-Ecommerce-Rookie\\Ecommerce-Project\\ShoesShop.UI\\ShoesShop.Test\\bin\\Debug\\net6.0\\fine-code-coverage\\build-output\\ShoesShop.Test.dll","CodeFilePath":null,"LineNumber":0,"Properties":[]},"Attachments":[],"Outcome":1,"ErrorMessage":null,"ErrorStackTrace":null,"DisplayName":"ShoesShop.Test.APITest.StatisticControllerTest.GetRecentOrdersAPI_ShouldReturnListOrderDTOHaveDateOrderIsToday","Messages":[],"ComputerName":"LAPTOP-76M9FLCU","Duration":"00:00:00.0455154","StartTime":"2022-12-08T08:38:02.6952101+00:00","EndTime":"2022-12-08T08:38:02.6952103+00:00","Properties":[]},{"TestCase":{"Id":"068a7676-b8ba-f09c-5123-32c74f555489","FullyQualifiedName":"ShoesShop.Test.ServiceTest.CatalogServiceTest.UpdateCatalog_InvalidId_ShouldReturnFalseIfFail","DisplayName":"ShoesShop.Test.ServiceTest.CatalogServiceTest.UpdateCatalog_InvalidId_ShouldReturnFalseIfFail","ExecutorUri":"executor://xunit/VsTestRunner2/netcoreapp","Source":"C:\\Users\\NguyenDung\\OneDrive\\Máy tính\\Assignment-Ecommerce-Rookie\\Ecommerce-Project\\ShoesShop.UI\\ShoesShop.Test\\bin\\Debug\\net6.0\\fine-code-coverage\\build-output\\ShoesShop.Test.dll","CodeFilePath":null,"LineNumber":0,"Properties":[]},"Attachments":[],"Outcome":1,"ErrorMessage":null,"ErrorStackTrace":null,"DisplayName":"ShoesShop.Test.ServiceTest.CatalogServiceTest.UpdateCatalog_InvalidId_ShouldReturnFalseIfFail","Messages":[],"ComputerName":"LAPTOP-76M9FLCU","Duration":"00:00:00.9410540","StartTime":"2022-12-08T08:38:02.7271831+00:00","EndTime":"2022-12-08T08:38:02.7271832+00:00","Properties":[]},{"TestCase":{"Id":"d5b00ed3-9bca-7d2b-4f7a-8f6e6739e64d","FullyQualifiedName":"ShoesShop.Test.ServiceTest.CatalogServiceTest.GetCatalogById_ValidId_ShouldReturnCatalogDTO","DisplayName":"ShoesShop.Test.ServiceTest.CatalogServiceTest.GetCatalogById_ValidId_ShouldReturnCatalogDTO","ExecutorUri":"executor://xunit/VsTestRunner2/netcoreapp","Source":"C:\\Users\\NguyenDung\\OneDrive\\Máy tính\\Assignment-Ecommerce-Rookie\\Ecommerce-Project\\ShoesShop.UI\\ShoesShop.Test\\bin\\Debug\\net6.0\\fine-code-coverage\\build-output\\ShoesShop.Test.dll","CodeFilePath":null,"LineNumber":0,"Properties":[]},"Attachments":[],"Outcome":1,"ErrorMessage":null,"ErrorStackTrace":null,"DisplayName":"ShoesShop.Test.ServiceTest.CatalogServiceTest.GetCatalogById_ValidId_ShouldReturnCatalogDTO","Messages":[],"ComputerName":"LAPTOP-76M9FLCU","Duration":"00:00:00.0080292","StartTime":"2022-12-08T08:38:02.7352777+00:00","EndTime":"2022-12-08T08:38:02.7352779+00:00","Properties":[]},{"TestCase":{"Id":"75084487-59ff-e1d0-1739-861a0764765f","FullyQualifiedName":"ShoesShop.Test.ServiceTest.CatalogServiceTest.DeleteCatalog_ValidId_ShouldReturnTrueIfSuccess","DisplayName":"ShoesShop.Test.ServiceTest.CatalogServiceTest.DeleteCatalog_ValidId_ShouldReturnTrueIfSuccess","ExecutorUri":"executor://xunit/VsTestRunner2/netcoreapp","Source":"C:\\Users\\NguyenDung\\OneDrive\\Máy tính\\Assignment-Ecommerce-Rookie\\Ecommerce-Project\\ShoesShop.UI\\ShoesShop.Test\\bin\\Debug\\net6.0\\fine-code-coverage\\build-output\\ShoesShop.Test.dll","CodeFilePath":null,"LineNumber":0,"Properties":[]},"Attachments":[],"Outcome":1,"ErrorMessage":null,"ErrorStackTrace":null,"DisplayName":"ShoesShop.Test.ServiceTest.CatalogServiceTest.DeleteCatalog_ValidId_ShouldReturnTrueIfSuccess","Messages":[],"ComputerName":"LAPTOP-76M9FLCU","Duration":"00:00:00.0054336","StartTime":"2022-12-08T08:38:02.7407952+00:00","EndTime":"2022-12-08T08:38:02.7407954+00:00","Properties":[]},{"TestCase":{"Id":"e3cacb54-83d4-1599-d349-9431bae6d29a","FullyQualifiedName":"ShoesShop.Test.ServiceTest.CatalogServiceTest.GetCatalogById_InvalidId_ShouldReturnNull","DisplayName":"ShoesShop.Test.ServiceTest.CatalogServiceTest.GetCatalogById_InvalidId_ShouldReturnNull","ExecutorUri":"executor://xunit/VsTestRunner2/netcoreapp","Source":"C:\\Users\\NguyenDung\\OneDrive\\Máy tính\\Assignment-Ecommerce-Rookie\\Ecommerce-Project\\ShoesShop.UI\\ShoesShop.Test\\bin\\Debug\\net6.0\\fine-code-coverage\\build-output\\ShoesShop.Test.dll","CodeFilePath":null,"LineNumber":0,"Properties":[]},"Attachments":[],"Outcome":1,"ErrorMessage":null,"ErrorStackTrace":null,"DisplayName":"ShoesShop.Test.ServiceTest.CatalogServiceTest.GetCatalogById_InvalidId_ShouldReturnNull","Messages":[],"ComputerName":"LAPTOP-76M9FLCU","Duration":"00:00:00.0024809","StartTime":"2022-12-08T08:38:02.7433582+00:00","EndTime":"2022-12-08T08:38:02.7433584+00:00","Properties":[]},{"TestCase":{"Id":"8e968846-4b3e-72f7-1295-920e6b4551d0","FullyQualifiedName":"ShoesShop.Test.ServiceTest.CatalogServiceTest.CreateCatalog_ShouldReturnTrueIfSuccess","DisplayName":"ShoesShop.Test.ServiceTest.CatalogServiceTest.CreateCatalog_ShouldReturnTrueIfSuccess","ExecutorUri":"executor://xunit/VsTestRunner2/netcoreapp","Source":"C:\\Users\\NguyenDung\\OneDrive\\Máy tính\\Assignment-Ecommerce-Rookie\\Ecommerce-Project\\ShoesShop.UI\\ShoesShop.Test\\bin\\Debug\\net6.0\\fine-code-coverage\\build-output\\ShoesShop.Test.dll","CodeFilePath":null,"LineNumber":0,"Properties":[]},"Attachments":[],"Outcome":1,"ErrorMessage":null,"ErrorStackTrace":null,"DisplayName":"ShoesShop.Test.ServiceTest.CatalogServiceTest.CreateCatalog_ShouldReturnTrueIfSuccess","Messages":[],"ComputerName":"LAPTOP-76M9FLCU","Duration":"00:00:00.0051120","StartTime":"2022-12-08T08:38:02.7486097+00:00","EndTime":"2022-12-08T08:38:02.7486098+00:00","Properties":[]},{"TestCase":{"Id":"3d819dea-8de7-5886-b8a9-c9f95abc2efb","FullyQualifiedName":"ShoesShop.Test.ServiceTest.CatalogServiceTest.DeleteCatalog_InvalidId_ShouldReturnFalseIfFail","DisplayName":"ShoesShop.Test.ServiceTest.CatalogServiceTest.DeleteCatalog_InvalidId_ShouldReturnFalseIfFail","ExecutorUri":"executor://xunit/VsTestRunner2/netcoreapp","Source":"C:\\Users\\NguyenDung\\OneDrive\\Máy tính\\Assignment-Ecommerce-Rookie\\Ecommerce-Project\\ShoesShop.UI\\ShoesShop.Test\\bin\\Debug\\net6.0\\fine-code-coverage\\build-output\\ShoesShop.Test.dll","CodeFilePath":null,"LineNumber":0,"Properties":[]},"Attachments":[],"Outcome":1,"ErrorMessage":null,"ErrorStackTrace":null,"DisplayName":"ShoesShop.Test.ServiceTest.CatalogServiceTest.DeleteCatalog_InvalidId_ShouldReturnFalseIfFail","Messages":[],"ComputerName":"LAPTOP-76M9FLCU","Duration":"00:00:00.0014573","StartTime":"2022-12-08T08:38:02.7513018+00:00","EndTime":"2022-12-08T08:38:02.751302+00:00","Properties":[]}],"TestRunStatistics":{"ExecutedTests":9,"Stats":{"Passed":9}},"ActiveTests":[{"Id":"690f892f-8c6a-6941-fc6f-65f4b5b64ddf","FullyQualifiedName":"ShoesShop.Test.ServiceTest.CatalogServiceTest.GetAllCatalog_ShouldReturnListCatalogDTO","DisplayName":"ShoesShop.Test.ServiceTest.CatalogServiceTest.GetAllCatalog_ShouldReturnListCatalogDTO","ExecutorUri":"executor://xunit/VsTestRunner2/netcoreapp","Source":"C:\\Users\\NguyenDung\\OneDrive\\Máy tính\\Assignment-Ecommerce-Rookie\\Ecommerce-Project\\ShoesShop.UI\\ShoesShop.Test\\bin\\Debug\\net6.0\\fine-code-coverage\\build-output\\ShoesShop.Test.dll","CodeFilePath":null,"LineNumber":0,"Properties":[]}]}}
TpTrace Verbose: 0 : 32512, 10, 2022/12/08, 15:38:02.770, 3457666582414, vstest.console.dll, TestRunRequest:SendTestRunStatsChange: Starting.
TpTrace Verbose: 0 : 32512, 10, 2022/12/08, 15:38:02.770, 3457666583611, vstest.console.dll, InProgress is ShoesShop.Test.ServiceTest.CatalogServiceTest.GetAllCatalog_ShouldReturnListCatalogDTO
TpTrace Verbose: 0 : 32512, 10, 2022/12/08, 15:38:02.770, 3457666585896, vstest.console.dll, MulticastDelegateUtilities.SafeInvoke: TestRun.RunStatsChanged: Invoking callbacks was skipped because there are no subscribers.
TpTrace Information: 0 : 32512, 10, 2022/12/08, 15:38:02.770, 3457666586273, vstest.console.dll, TestRunRequest:SendTestRunStatsChange: Completed.
TpTrace Verbose: 0 : 32512, 10, 2022/12/08, 15:38:02.770, 3457666586515, vstest.console.dll, MulticastDelegateUtilities.SafeInvoke: LengthPrefixCommunicationChannel: MessageReceived: Invoking callback 1/1 for Microsoft.VisualStudio.TestPlatform.CommunicationUtilities.TestRequestSender+<>c__DisplayClass31_0.<StartTestRun>b__1, took 8 ms.
TpTrace Verbose: 0 : 32512, 10, 2022/12/08, 15:38:02.770, 3457666586735, vstest.console.dll, TcpClientExtensions.MessageLoopAsync: Polling on remoteEndPoint: 127.0.0.1:60143 localEndPoint: 127.0.0.1:60142
TpTrace Verbose: 0 : 32512, 10, 2022/12/08, 15:38:02.770, 3457666587057, vstest.console.dll, TcpClientExtensions.MessageLoopAsync: NotifyDataAvailable remoteEndPoint: 127.0.0.1:60143 localEndPoint: 127.0.0.1:60142
TpTrace Verbose: 0 : 32512, 10, 2022/12/08, 15:38:02.770, 3457666587558, vstest.console.dll, TestRequestSender.OnExecutionMessageReceived: Received message: {"Version":5,"MessageType":"TestSession.Message","Payload":{"MessageLevel":0,"Message":"[xUnit.net 00:00:02.52]   Finished:    ShoesShop.Test"}}
TpTrace Verbose: 0 : 32512, 10, 2022/12/08, 15:38:02.770, 3457666588380, vstest.console.dll, TestRunRequest:SendTestRunMessage: Starting.
TpTrace Verbose: 0 : 32512, 10, 2022/12/08, 15:38:02.770, 3457666588731, vstest.console.dll, MulticastDelegateUtilities.SafeInvoke: TestRun.LogMessages: Invoking callback 1/1 for Microsoft.VisualStudio.TestPlatform.CommandLine.TestRunResultAggregator.TestRunMessageHandler, took 0 ms.
TpTrace Information: 0 : 32512, 10, 2022/12/08, 15:38:02.770, 3457666588902, vstest.console.dll, TestRunRequest:SendTestRunMessage: Completed.
TpTrace Verbose: 0 : 32512, 10, 2022/12/08, 15:38:02.770, 3457666589063, vstest.console.dll, MulticastDelegateUtilities.SafeInvoke: LengthPrefixCommunicationChannel: MessageReceived: Invoking callback 1/1 for Microsoft.VisualStudio.TestPlatform.CommunicationUtilities.TestRequestSender+<>c__DisplayClass31_0.<StartTestRun>b__1, took 0 ms.
TpTrace Verbose: 0 : 32512, 10, 2022/12/08, 15:38:02.770, 3457666589220, vstest.console.dll, TcpClientExtensions.MessageLoopAsync: Polling on remoteEndPoint: 127.0.0.1:60143 localEndPoint: 127.0.0.1:60142
TpTrace Verbose: 0 : 32512, 4, 2022/12/08, 15:38:02.776, 3457666648853, vstest.console.dll, MulticastDelegateUtilities.SafeInvoke: InternalTestLoggerEvents.SendTestResult: Invoking callback 1/1 for Microsoft.VisualStudio.TestPlatform.CommandLine.Internal.ConsoleLogger.TestResultHandler, took 6 ms.
TpTrace Verbose: 0 : 32512, 4, 2022/12/08, 15:38:02.776, 3457666650552, vstest.console.dll, MulticastDelegateUtilities.SafeInvoke: InternalTestLoggerEvents.SendTestResult: Invoking callback 1/1 for Microsoft.VisualStudio.TestPlatform.CommandLine.Internal.ConsoleLogger.TestResultHandler, took 0 ms.
TpTrace Verbose: 0 : 32512, 4, 2022/12/08, 15:38:02.777, 3457666650835, vstest.console.dll, MulticastDelegateUtilities.SafeInvoke: InternalTestLoggerEvents.SendTestResult: Invoking callback 1/1 for Microsoft.VisualStudio.TestPlatform.CommandLine.Internal.ConsoleLogger.TestResultHandler, took 0 ms.
TpTrace Verbose: 0 : 32512, 4, 2022/12/08, 15:38:02.777, 3457666651120, vstest.console.dll, MulticastDelegateUtilities.SafeInvoke: InternalTestLoggerEvents.SendTestResult: Invoking callback 1/1 for Microsoft.VisualStudio.TestPlatform.CommandLine.Internal.ConsoleLogger.TestResultHandler, took 0 ms.
TpTrace Verbose: 0 : 32512, 4, 2022/12/08, 15:38:02.777, 3457666651366, vstest.console.dll, MulticastDelegateUtilities.SafeInvoke: InternalTestLoggerEvents.SendTestResult: Invoking callback 1/1 for Microsoft.VisualStudio.TestPlatform.CommandLine.Internal.ConsoleLogger.TestResultHandler, took 0 ms.
TpTrace Verbose: 0 : 32512, 4, 2022/12/08, 15:38:02.777, 3457666651590, vstest.console.dll, MulticastDelegateUtilities.SafeInvoke: InternalTestLoggerEvents.SendTestResult: Invoking callback 1/1 for Microsoft.VisualStudio.TestPlatform.CommandLine.Internal.ConsoleLogger.TestResultHandler, took 0 ms.
TpTrace Verbose: 0 : 32512, 4, 2022/12/08, 15:38:02.777, 3457666651860, vstest.console.dll, MulticastDelegateUtilities.SafeInvoke: InternalTestLoggerEvents.SendTestResult: Invoking callback 1/1 for Microsoft.VisualStudio.TestPlatform.CommandLine.Internal.ConsoleLogger.TestResultHandler, took 0 ms.
TpTrace Verbose: 0 : 32512, 4, 2022/12/08, 15:38:02.777, 3457666652137, vstest.console.dll, MulticastDelegateUtilities.SafeInvoke: InternalTestLoggerEvents.SendTestResult: Invoking callback 1/1 for Microsoft.VisualStudio.TestPlatform.CommandLine.Internal.ConsoleLogger.TestResultHandler, took 0 ms.
TpTrace Verbose: 0 : 32512, 4, 2022/12/08, 15:38:02.777, 3457666652355, vstest.console.dll, MulticastDelegateUtilities.SafeInvoke: InternalTestLoggerEvents.SendTestResult: Invoking callback 1/1 for Microsoft.VisualStudio.TestPlatform.CommandLine.Internal.ConsoleLogger.TestResultHandler, took 0 ms.
TpTrace Verbose: 0 : 32512, 4, 2022/12/08, 15:38:02.777, 3457666652618, vstest.console.dll, MulticastDelegateUtilities.SafeInvoke: InternalTestLoggerEvents.SendTestRunMessage: Invoking callback 1/1 for Microsoft.VisualStudio.TestPlatform.CommandLine.Internal.ConsoleLogger.TestMessageHandler, took 0 ms.
TpTrace Verbose: 0 : 32512, 10, 2022/12/08, 15:38:02.783, 3457666711188, vstest.console.dll, TcpClientExtensions.MessageLoopAsync: NotifyDataAvailable remoteEndPoint: 127.0.0.1:60143 localEndPoint: 127.0.0.1:60142
TpTrace Verbose: 0 : 32512, 10, 2022/12/08, 15:38:02.783, 3457666712674, vstest.console.dll, TestRequestSender.OnExecutionMessageReceived: Received message: {"Version":5,"MessageType":"TestExecution.Completed","Payload":{"TestRunCompleteArgs":{"TestRunStatistics":{"ExecutedTests":11,"Stats":{"Passed":11}},"IsCanceled":false,"IsAborted":false,"Error":null,"AttachmentSets":[],"ElapsedTimeInRunningTests":"00:00:02.5354147","Metrics":{}},"LastRunTests":{"NewTestResults":[{"TestCase":{"Id":"690f892f-8c6a-6941-fc6f-65f4b5b64ddf","FullyQualifiedName":"ShoesShop.Test.ServiceTest.CatalogServiceTest.GetAllCatalog_ShouldReturnListCatalogDTO","DisplayName":"ShoesShop.Test.ServiceTest.CatalogServiceTest.GetAllCatalog_ShouldReturnListCatalogDTO","ExecutorUri":"executor://xunit/VsTestRunner2/netcoreapp","Source":"C:\\Users\\NguyenDung\\OneDrive\\Máy tính\\Assignment-Ecommerce-Rookie\\Ecommerce-Project\\ShoesShop.UI\\ShoesShop.Test\\bin\\Debug\\net6.0\\fine-code-coverage\\build-output\\ShoesShop.Test.dll","CodeFilePath":null,"LineNumber":0,"Properties":[]},"Attachments":[],"Outcome":1,"ErrorMessage":null,"ErrorStackTrace":null,"DisplayName":"ShoesShop.Test.ServiceTest.CatalogServiceTest.GetAllCatalog_ShouldReturnListCatalogDTO","Messages":[],"ComputerName":"LAPTOP-76M9FLCU","Duration":"00:00:00.0141797","StartTime":"2022-12-08T08:38:02.7644503+00:00","EndTime":"2022-12-08T08:38:02.7644505+00:00","Properties":[]},{"TestCase":{"Id":"5d676c7d-ccd8-c442-e68a-b5ca26413449","FullyQualifiedName":"ShoesShop.Test.ServiceTest.CatalogServiceTest.UpdateCatalog_ValidId_ShouldReturnTrueIfSuccess","DisplayName":"ShoesShop.Test.ServiceTest.CatalogServiceTest.UpdateCatalog_ValidId_ShouldReturnTrueIfSuccess","ExecutorUri":"executor://xunit/VsTestRunner2/netcoreapp","Source":"C:\\Users\\NguyenDung\\OneDrive\\Máy tính\\Assignment-Ecommerce-Rookie\\Ecommerce-Project\\ShoesShop.UI\\ShoesShop.Test\\bin\\Debug\\net6.0\\fine-code-coverage\\build-output\\ShoesShop.Test.dll","CodeFilePath":null,"LineNumber":0,"Properties":[]},"Attachments":[],"Outcome":1,"ErrorMessage":null,"ErrorStackTrace":null,"DisplayName":"ShoesShop.Test.ServiceTest.CatalogServiceTest.UpdateCatalog_ValidId_ShouldReturnTrueIfSuccess","Messages":[],"ComputerName":"LAPTOP-76M9FLCU","Duration":"00:00:00.0008829","StartTime":"2022-12-08T08:38:02.7673168+00:00","EndTime":"2022-12-08T08:38:02.7673169+00:00","Properties":[]}],"TestRunStatistics":{"ExecutedTests":11,"Stats":{"Passed":11}},"ActiveTests":[]},"RunAttachments":[],"ExecutorUris":["executor://xunit/VsTestRunner2/netcoreapp"]}}
TpTrace Verbose: 0 : 32512, 10, 2022/12/08, 15:38:02.783, 3457666713443, vstest.console.dll, TestRequestSender.EndSession: Sending end session.
TpTrace Verbose: 0 : 32512, 10, 2022/12/08, 15:38:02.783, 3457666714695, vstest.console.dll, ProxyOperationManager.Close: waiting for test host to exit for 100 ms
TpTrace Warning: 0 : 32512, 12, 2022/12/08, 15:38:02.816, 3457667049510, vstest.console.dll, TestHostManagerCallbacks.ErrorReceivedCallback Test host standard error line: 
TpTrace Verbose: 0 : 32512, 12, 2022/12/08, 15:38:02.843, 3457667314963, vstest.console.dll, TestHostProvider.ExitCallBack: Host exited starting callback.
TpTrace Information: 0 : 32512, 12, 2022/12/08, 15:38:02.843, 3457667319964, vstest.console.dll, TestHostManagerCallbacks.ExitCallBack: Testhost processId: 32596 exited with exitcode: 0 error: ''
TpTrace Verbose: 0 : 32512, 12, 2022/12/08, 15:38:02.844, 3457667320755, vstest.console.dll, DotnetTestHostManager.OnHostExited: invoking OnHostExited callback
TpTrace Verbose: 0 : 32512, 12, 2022/12/08, 15:38:02.844, 3457667321289, vstest.console.dll, CrossPlatEngine.TestHostManagerHostExited: calling on client process exit callback.
TpTrace Information: 0 : 32512, 12, 2022/12/08, 15:38:02.844, 3457667321770, vstest.console.dll, TestRequestSender.OnClientProcessExit: Test host process exited. Standard error: 
TpTrace Information: 0 : 32512, 12, 2022/12/08, 15:38:02.844, 3457667322113, vstest.console.dll, SocketServer.Stop: Stop server endPoint: 127.0.0.1:60142
TpTrace Information: 0 : 32512, 12, 2022/12/08, 15:38:02.844, 3457667322281, vstest.console.dll, SocketServer.Stop: Cancellation requested. Stopping message loop.
TpTrace Information: 0 : 32512, 10, 2022/12/08, 15:38:02.844, 3457667322369, vstest.console.dll, SocketServer.Stop: Stop server endPoint: 127.0.0.1:60142
TpTrace Information: 0 : 32512, 10, 2022/12/08, 15:38:02.844, 3457667323049, vstest.console.dll, SocketServer.Stop: Cancellation requested. Stopping message loop.
TpTrace Information: 0 : 32512, 10, 2022/12/08, 15:38:02.844, 3457667323431, vstest.console.dll, Closing the connection
TpTrace Verbose: 0 : 32512, 12, 2022/12/08, 15:38:02.844, 3457667323369, vstest.console.dll, MulticastDelegateUtilities.SafeInvoke: HostProviderEvents.OnHostExited: Invoking callback 1/1 for Microsoft.VisualStudio.TestPlatform.CrossPlatEngine.Client.ProxyOperationManager.TestHostManagerHostExited, took 0 ms.
TpTrace Verbose: 0 : 32512, 10, 2022/12/08, 15:38:02.844, 3457667325876, vstest.console.dll, ProxyDataCollectionManager.InvokeDataCollectionServiceAction: Starting.
TpTrace Information: 0 : 32512, 10, 2022/12/08, 15:38:02.844, 3457667326253, vstest.console.dll, ProxyDataCollectionManager.AfterTestRunEnd: Get attachment set and invoked data collectors processId: 7344 port: 60139
TpTrace Verbose: 0 : 32512, 10, 2022/12/08, 15:38:02.844, 3457667326640, vstest.console.dll, DataCollectionRequestSender.SendAfterTestRunStartAndGetResult: Send AfterTestRunEnd message with isCancelled: False
TpTrace Verbose: 0 : 32512, 10, 2022/12/08, 15:38:02.853, 3457667410752, vstest.console.dll, DataCollectionRequestSender.SendAfterTestRunStartAndGetResult: Received message: (DataCollection.AfterTestRunEndResult) -> {"MessageType":"DataCollection.AfterTestRunEndResult","Payload":{"AttachmentSets":[],"InvokedDataCollectors":[{"Uri":"datacollector://Microsoft/TestPlatform/Extensions/Blame/v1","FriendlyName":"Blame","AssemblyQualifiedName":"Microsoft.TestPlatform.Extensions.BlameDataCollector.BlameCollector, Microsoft.TestPlatform.Extensions.BlameDataCollector, Version=15.0.0.0, Culture=neutral, PublicKeyToken=b03f5f7f11d50a3a","FilePath":"C:\\Program Files\\dotnet\\sdk\\6.0.401\\Extensions\\Microsoft.TestPlatform.Extensions.BlameDataCollector.dll","HasAttachmentProcessor":false}],"Metrics":{}}}
TpTrace Warning: 0 : 32512, 9, 2022/12/08, 15:38:02.863, 3457667514633, vstest.console.dll, DataCollectionLauncher.ErrorReceivedCallback datacollector standard error line: 
TpTrace Information: 0 : 32512, 9, 2022/12/08, 15:38:02.864, 3457667525804, vstest.console.dll, DataCollectionLauncher.ExitCallBack: Data collector exited with exitcode: 0 error: ''
TpTrace Information: 0 : 32512, 10, 2022/12/08, 15:38:02.867, 3457667551889, vstest.console.dll, ProxyDataCollectionManager.InvokeDataCollectionServiceAction: Completed.
TpTrace Verbose: 0 : 32512, 10, 2022/12/08, 15:38:02.902, 3457667907174, vstest.console.dll, TestRunRequest:SendTestRunStatsChange: Starting.
TpTrace Verbose: 0 : 32512, 10, 2022/12/08, 15:38:02.902, 3457667908366, vstest.console.dll, MulticastDelegateUtilities.SafeInvoke: TestRun.RunStatsChanged: Invoking callbacks was skipped because there are no subscribers.
TpTrace Information: 0 : 32512, 10, 2022/12/08, 15:38:02.902, 3457667908609, vstest.console.dll, TestRunRequest:SendTestRunStatsChange: Completed.
TpTrace Verbose: 0 : 32512, 4, 2022/12/08, 15:38:02.902, 3457667909087, vstest.console.dll, MulticastDelegateUtilities.SafeInvoke: InternalTestLoggerEvents.SendTestResult: Invoking callback 1/1 for Microsoft.VisualStudio.TestPlatform.CommandLine.Internal.ConsoleLogger.TestResultHandler, took 0 ms.
TpTrace Verbose: 0 : 32512, 4, 2022/12/08, 15:38:02.902, 3457667909709, vstest.console.dll, MulticastDelegateUtilities.SafeInvoke: InternalTestLoggerEvents.SendTestResult: Invoking callback 1/1 for Microsoft.VisualStudio.TestPlatform.CommandLine.Internal.ConsoleLogger.TestResultHandler, took 0 ms.
TpTrace Verbose: 0 : 32512, 10, 2022/12/08, 15:38:02.903, 3457667912027, vstest.console.dll, ParallelProxyExecutionManager: HandlePartialRunComplete: Total completed clients = 1, Run complete = True, Run canceled: False.
TpTrace Verbose: 0 : 32512, 4, 2022/12/08, 15:38:02.913, 3457668020363, vstest.console.dll, MulticastDelegateUtilities.SafeInvoke: InternalTestLoggerEvents.SendTestRunComplete: Invoking callback 1/2 for Microsoft.TestPlatform.Extensions.BlameDataCollector.BlameLogger.TestRunCompleteHandler, took 0 ms.
TpTrace Verbose: 0 : 32512, 4, 2022/12/08, 15:38:02.919, 3457668077103, vstest.console.dll, MulticastDelegateUtilities.SafeInvoke: InternalTestLoggerEvents.SendTestRunComplete: Invoking callback 2/2 for Microsoft.VisualStudio.TestPlatform.CommandLine.Internal.ConsoleLogger.TestRunCompleteHandler, took 5 ms.
TpTrace Verbose: 0 : 32512, 10, 2022/12/08, 15:38:02.919, 3457668080398, vstest.console.dll, TestRunRequest:TestRunComplete: Starting. IsAborted:False IsCanceled:False.
TpTrace Verbose: 0 : 32512, 10, 2022/12/08, 15:38:02.921, 3457668093846, vstest.console.dll, TestLoggerManager.HandleTestRunComplete: Ignoring as the object is disposed.
TpTrace Verbose: 0 : 32512, 10, 2022/12/08, 15:38:02.921, 3457668097015, vstest.console.dll, MulticastDelegateUtilities.SafeInvoke: TestRun.TestRunComplete: Invoking callback 1/2 for Microsoft.VisualStudio.TestPlatform.CommandLine.TestRunResultAggregator.TestRunCompletionHandler, took 0 ms.
TpTrace Verbose: 0 : 32512, 10, 2022/12/08, 15:38:02.921, 3457668098026, vstest.console.dll, MulticastDelegateUtilities.SafeInvoke: TestRun.TestRunComplete: Invoking callback 2/2 for Microsoft.VisualStudio.TestPlatform.CommandLine.Processors.RunTestsArgumentExecutor+TestRunRequestEventsRegistrar.TestRunRequest_OnRunCompletion, took 0 ms.
TpTrace Information: 0 : 32512, 10, 2022/12/08, 15:38:02.921, 3457668099313, vstest.console.dll, TestRunRequest:TestRunComplete: Completed.
TpTrace Verbose: 0 : 32512, 1, 2022/12/08, 15:38:02.921, 3457668099606, vstest.console.dll, TestRunRequest.Dispose: Starting.
TpTrace Verbose: 0 : 32512, 10, 2022/12/08, 15:38:02.921, 3457668099774, vstest.console.dll, TestRequestSender.SetOperationComplete: Setting operation complete.
TpTrace Information: 0 : 32512, 1, 2022/12/08, 15:38:02.921, 3457668100563, vstest.console.dll, TestRunRequest.Dispose: Completed.
TpTrace Information: 0 : 32512, 10, 2022/12/08, 15:38:02.922, 3457668100853, vstest.console.dll, SocketServer.Stop: Stop server endPoint: 127.0.0.1:60142
TpTrace Information: 0 : 32512, 1, 2022/12/08, 15:38:02.922, 3457668101379, vstest.console.dll, TestRequestManager.RunTests: run tests completed.
TpTrace Information: 0 : 32512, 10, 2022/12/08, 15:38:02.922, 3457668101474, vstest.console.dll, SocketServer.Stop: Cancellation requested. Stopping message loop.
TpTrace Verbose: 0 : 32512, 10, 2022/12/08, 15:38:02.922, 3457668102084, vstest.console.dll, MulticastDelegateUtilities.SafeInvoke: LengthPrefixCommunicationChannel: MessageReceived: Invoking callback 1/1 for Microsoft.VisualStudio.TestPlatform.CommunicationUtilities.TestRequestSender+<>c__DisplayClass31_0.<StartTestRun>b__1, took 138 ms.
TpTrace Information: 0 : 32512, 1, 2022/12/08, 15:38:02.922, 3457668102192, vstest.console.dll, RunTestsArgumentProcessor:Execute: Test run is completed.
TpTrace Information: 0 : 32512, 10, 2022/12/08, 15:38:02.922, 3457668102444, vstest.console.dll, SocketServer.PrivateStop: Stopping server endPoint: 127.0.0.1:60142 error: 
TpTrace Verbose: 0 : 32512, 1, 2022/12/08, 15:38:02.922, 3457668104111, vstest.console.dll, Executor.Execute: Exiting with exit code of 0
